12
107
438
133765
199243
761
936
15611
6
2748
18633
3961
168
179
3292
28
42099
2
351545
326
112
6
3685
35924
278
92
3400
83
4
914411
11405
109667
100
11
1175
22
669
328385
6
17
26903
100
61
1491
149
66579
19
6
127874
393
11843
46527
216045
11
82
252646
1535
990555
637646
1316
4
118
480729
12410
37834
2
86
40924
370
10215
780068
19
1003238
48963
23612
13090
171145
216272
17
824139
14502
12358
3
562252
527017
51
25172
40
493
742640
59155
958
191
2349
2
6296
214
174077
30
5603
6
776985
95
1311
13
104
3
3140
502
10
825
4043
132455
33829
5369
2902
104
312
639602
2357
509661
8
2
1078
63
4
263
162040
23
51781
1713
159
225471
121824
10
1706
49
5
48208
553
4
38
115830
3500
3296
9
189
26
81
4938
54
83886
173292
12
67
763
22121
6885
93
6
44
6
20
41
145
1171
6
12
387
5709
3
594139
332257
414
2587
1851
3562
228501
12823
27556
375646
62
64270
5152
356
168
4063
5614
475721
49687
8
4052
8
15
3243
564798
12325
3242
3048
29618
41389
43436
63
170
112331
300
39
6399
27748
1003
3897
9269
2
3832
20
18296
340
2
450
17646
857
359941
428212
5
212
12
39
194485
181466
2034
46349
712
28
5
477
114
57
28513
79
8160
3439
3
792469
3
166442
52723
300586
12361
197
2232
214366
60803
197177
215
3413
1154
10
1834
21103
21
108
5250
330733
31
57
32
515
960
3287
215789
7
191882
66
10
1697
5797
388021
14
28
111
2
91
61
10
254479
7485
142
27418
48
83
283717
14436
84986
200835
2016
20
498641
672
14
813886
25
179672
113705
1028
170
243228
968207
113044
2
63
40108
7
26826
1669
2
435030
67894
609284
795500
198
1325
13
202
96766
14
15
978
128772
309
63
16
121031
83
387479
1643
5
568
352
33
15
9660
908
27528
238214
5
5815
109453
1933
30922
17
237
3877
933
4
1924
30
1807
483657
3207
225705
29
1008
56356
12
3581
970718
781614
1308
27439
391277
17521
10
691
12
404172
25601
3609
107
1531
17264
1345
921
7364
47154
5
14483
1086
20
9
43387
77326
7786
15887
3
419658
472929
477
110
34281
6967
29465
2
754396
6
38
122885
1118
371
204
43206
36189
4
15
2344
1219
505
2
231289
778
111
370076
19
2
184
148849
215
2
424
384
92
3
6
628020
247
514334
55
18
735
2994
2037
95
5
17
524212
882
2503
106
28821
2
155
3616
95004
345999
1700
260286
4895
992932
29313
15
3
1769
6
40
14
453152
68185
218
1798
212
9992
434
14677
4349
13
171
9219
14124
195508
250
7184
2
11
24173
25981
45
782
517
123
6
1022713
352024
109460
13
185868
98334
256
91474
99573
685
1176
353447
246917
119164
11
99
8763
7
5
8757
285
1093
86
104
3122
445353
227
2351
2
125144
26741
1378
22
25269
88
3
19991
785
3
14
227
60
93228
54978
1404
191
5
2584
8750
259
797
679592
8231
527961
840
4408
230
376
3850
4999
766
28469
3998
323
4175
705
634852
36650
111
63849
18820
247124
19
2016
487102
71
791
152
51
808
286
1607
14
2764
58
15959
41601
124202
57
285123
434
214722
23
102403
31178
15
2368
58
55
16625
913671
3
973
130362
6948
71
1817
44354
1402
123
13
13
61
24029
15
10050
253727
114
2
80
274
48145
3
427278
230040
47
1523
663368
7675
104
420
36655
26781
115
27851
4
239492
3850
7898
189
201113
118561
1820
84
95853
6
3
5
266
166979
576
3
222
475
655809
844
6185
3844
16181
691751
44
1530
369891
21
7
10
2533
37529
88
21
185
272
53570
9507
1106
574615
2
29
224
37935
6
4337
236030
71
2
12437
40659
467
28338
1751
683
10
3
12560
140
24999
1640
7
14
60
106
1258
7
95188
11419
458
252
32
2
309
8
272762
5
16349
194
5
8
63767
2
5
86109
6
2
245566
6490
47
2
109
3395
1281
3
715934
2
860
168
5709
43189
52
4
4
74145
61858
24507
99
385337
73634
5
82436
180
443585
7
13140
873
5
25280
2937
29941
609
149501
761049
14078
776
870115
67618
131417
2
30273
109
457
60172
221
2
62
505070
5
40
28683
16189
1014672
64510
277
868
13185
7
92
4
29418
69039
30
11468
59543
18
216
21
112155
73
6
167
10
196
4038
1682
71
128314
91063
21498
3
9963
125665
23567
5
48987
42
943
11884
1504
3611
486733
2
20373
3
32928
413187
158
1162
14
1115
235
276122
143190
272185
114149
137
37113
21661
308562
7
22
109
76
865522
4028
317
20585
11193
22
7753
78
476
99
14685
4060
7
234
22
1582
284
4906
52
660485
17540
51
226
5621
346835
19961
14
14297
687
3864
30
634357
484649
1082
290
6166
13919
3974
2188
39704
10241
3
22
463
98
5300
689641
110
7957
24
16
591860
51305
247009
4939
300
4
57
13571
2981
22881
1453
260
95
144159
120
45379
376
667
1014
419097
1388
48202
982672
5586
4097
3903
4113
1636
51
1350
4568
221555
3
116298
868575
56637
12597
69
61
474660
13880
478
2
157705
21325
751
604734
276
739
122
115889
25
519233
20186
1113
2
11
221116
8815
623
8
107470
5066
7559
81252
41068
362
245
25968
2140
771
1473
26
3476
12172
90043
2
19003
74
17402
60151
4
88
4054
2034
11
122253
249
734505
53143
398478
52
815
11516
435653
165178
44
208
5
60794
22
37
16
29907
1227
849044
492310
76
5
19
90032
9
327
998
53
95
118860
1707
15
189017
