Case 1:
Closest sum to -8 is 1.
Closest sum to 13 is 1.
Closest sum to -12 is 1.
Closest sum to 4 is 1.
Closest sum to -1 is 1.
Closest sum to 16 is 1.
Closest sum to -16 is 1.
Closest sum to 3 is 1.
Closest sum to 4 is 1.
Closest sum to -2 is 1.
Closest sum to -4 is 1.
Closest sum to 15 is 1.
Closest sum to 17 is 1.
Closest sum to 18 is 1.
Closest sum to 18 is 1.
Closest sum to -2 is 1.
Closest sum to 7 is 1.
Closest sum to 9 is 1.
Closest sum to -6 is 1.
Closest sum to 4 is 1.
Closest sum to -14 is 1.
Closest sum to -20 is 1.
Closest sum to 19 is 1.
Closest sum to -11 is 1.
Closest sum to 9 is 1.
Case 2:
Closest sum to -3 is 16.
Closest sum to 6 is 16.
Closest sum to 8 is 16.
Closest sum to 6 is 16.
Closest sum to -6 is 16.
Closest sum to -19 is 16.
Closest sum to -2 is 16.
Closest sum to 2 is 16.
Closest sum to -6 is 16.
Closest sum to -8 is 16.
Closest sum to -20 is 16.
Closest sum to -14 is 16.
Closest sum to 2 is 16.
Closest sum to 9 is 16.
Closest sum to -10 is 16.
Closest sum to -5 is 16.
Closest sum to -1 is 16.
Closest sum to -11 is 16.
Closest sum to 17 is 16.
Closest sum to -13 is 16.
Closest sum to 11 is 16.
Closest sum to 3 is 16.
Closest sum to 17 is 16.
Closest sum to -19 is 16.
Closest sum to 17 is 16.
Case 3:
Closest sum to -19 is 12.
Closest sum to -6 is 12.
Closest sum to -1 is 12.
Closest sum to -11 is 12.
Closest sum to 19 is 12.
Closest sum to 1 is 12.
Closest sum to 7 is 12.
Closest sum to -7 is 12.
Closest sum to -19 is 12.
Closest sum to 9 is 12.
Closest sum to -9 is 12.
Closest sum to 0 is 12.
Closest sum to -2 is 12.
Closest sum to 9 is 12.
Closest sum to -18 is 12.
Closest sum to 19 is 12.
Closest sum to -5 is 12.
Closest sum to 4 is 12.
Closest sum to 0 is 12.
Closest sum to 20 is 12.
Closest sum to -5 is 12.
Closest sum to 4 is 12.
Closest sum to 10 is 12.
Closest sum to 11 is 12.
Closest sum to -10 is 12.
Case 4:
Closest sum to -12 is -5.
Closest sum to -19 is -5.
Closest sum to 12 is -5.
Closest sum to -7 is -5.
Closest sum to 20 is -5.
Closest sum to 8 is -5.
Closest sum to -13 is -5.
Closest sum to -1 is -5.
Closest sum to 2 is -5.
Closest sum to 12 is -5.
Closest sum to -9 is -5.
Closest sum to -1 is -5.
Closest sum to 10 is -5.
Closest sum to -9 is -5.
Closest sum to 18 is -5.
Closest sum to -4 is -5.
Closest sum to -7 is -5.
Closest sum to 5 is -5.
Closest sum to 3 is -5.
Closest sum to -9 is -5.
Closest sum to -8 is -5.
Closest sum to -10 is -5.
Closest sum to 19 is -5.
Closest sum to 3 is -5.
Closest sum to -18 is -5.
Case 5:
Closest sum to -16 is 1.
Closest sum to 15 is 1.
Closest sum to 1 is 1.
Closest sum to -8 is 1.
Closest sum to -13 is 1.
Closest sum to 15 is 1.
Closest sum to 16 is 1.
Closest sum to -15 is 1.
Closest sum to -18 is 1.
Closest sum to 19 is 1.
Closest sum to 12 is 1.
Closest sum to 20 is 1.
Closest sum to 4 is 1.
Closest sum to 10 is 1.
Closest sum to 6 is 1.
Closest sum to -8 is 1.
Closest sum to -3 is 1.
Closest sum to -15 is 1.
Closest sum to 13 is 1.
Closest sum to -1 is 1.
Closest sum to 6 is 1.
Closest sum to 0 is 1.
Closest sum to 2 is 1.
Closest sum to -7 is 1.
Closest sum to -20 is 1.
Case 6:
Closest sum to 2 is -7.
Closest sum to 18 is -7.
Closest sum to -12 is -7.
Closest sum to 4 is -7.
Closest sum to -15 is -7.
Closest sum to -7 is -7.
Closest sum to -15 is -7.
Closest sum to 8 is -7.
Closest sum to -15 is -7.
Closest sum to 4 is -7.
Closest sum to 2 is -7.
Closest sum to 8 is -7.
Closest sum to -5 is -7.
Closest sum to 9 is -7.
Closest sum to -13 is -7.
Closest sum to -20 is -7.
Closest sum to -12 is -7.
Closest sum to 8 is -7.
Closest sum to -19 is -7.
Closest sum to 20 is -7.
Closest sum to -2 is -7.
Closest sum to -8 is -7.
Closest sum to -4 is -7.
Closest sum to 13 is -7.
Closest sum to 2 is -7.
Case 7:
Closest sum to -7 is -1.
Closest sum to -16 is -1.
Closest sum to -5 is -1.
Closest sum to -11 is -1.
Closest sum to 10 is -1.
Closest sum to -13 is -1.
Closest sum to -16 is -1.
Closest sum to 19 is -1.
Closest sum to -5 is -1.
Closest sum to 12 is -1.
Closest sum to 1 is -1.
Closest sum to -16 is -1.
Closest sum to -1 is -1.
Closest sum to -16 is -1.
Closest sum to 3 is -1.
Closest sum to 8 is -1.
Closest sum to 2 is -1.
Closest sum to -19 is -1.
Closest sum to 17 is -1.
Closest sum to -16 is -1.
Closest sum to 4 is -1.
Closest sum to -14 is -1.
Closest sum to 2 is -1.
Closest sum to 6 is -1.
Closest sum to -2 is -1.
Case 8:
Closest sum to -3 is 0.
Closest sum to 13 is 0.
Closest sum to -10 is 0.
Closest sum to -18 is 0.
Closest sum to 19 is 0.
Closest sum to -16 is 0.
Closest sum to 8 is 0.
Closest sum to -12 is 0.
Closest sum to 3 is 0.
Closest sum to -11 is 0.
Closest sum to 17 is 0.
Closest sum to -11 is 0.
Closest sum to -19 is 0.
Closest sum to 10 is 0.
Closest sum to 3 is 0.
Closest sum to 15 is 0.
Closest sum to 19 is 0.
Closest sum to 16 is 0.
Closest sum to 12 is 0.
Closest sum to 3 is 0.
Closest sum to -18 is 0.
Closest sum to -6 is 0.
Closest sum to -14 is 0.
Closest sum to 4 is 0.
Closest sum to -7 is 0.
Case 9:
Closest sum to 1 is 18.
Closest sum to -17 is 18.
Closest sum to -17 is 18.
Closest sum to -7 is 18.
Closest sum to 8 is 18.
Closest sum to 9 is 18.
Closest sum to 6 is 18.
Closest sum to 1 is 18.
Closest sum to -15 is 18.
Closest sum to -5 is 18.
Closest sum to -11 is 18.
Closest sum to 8 is 18.
Closest sum to -10 is 18.
Closest sum to -11 is 18.
Closest sum to 4 is 18.
Closest sum to -8 is 18.
Closest sum to -18 is 18.
Closest sum to 5 is 18.
Closest sum to -13 is 18.
Closest sum to 7 is 18.
Closest sum to 0 is 18.
Closest sum to -15 is 18.
Closest sum to -6 is 18.
Closest sum to -14 is 18.
Closest sum to -14 is 18.
Case 10:
Closest sum to -16 is -20.
Closest sum to 0 is -20.
Closest sum to 14 is -20.
Closest sum to 17 is -20.
Closest sum to -8 is -20.
Closest sum to -6 is -20.
Closest sum to 11 is -20.
Closest sum to 2 is -20.
Closest sum to 6 is -20.
Closest sum to 20 is -20.
Closest sum to -14 is -20.
Closest sum to -7 is -20.
Closest sum to 5 is -20.
Closest sum to 15 is -20.
Closest sum to -17 is -20.
Closest sum to 14 is -20.
Closest sum to 13 is -20.
Closest sum to 18 is -20.
Closest sum to 9 is -20.
Closest sum to -15 is -20.
Closest sum to -15 is -20.
Closest sum to -15 is -20.
Closest sum to -15 is -20.
Closest sum to -12 is -20.
Closest sum to 3 is -20.
Case 11:
Closest sum to -9 is -4.
Closest sum to 0 is -4.
Closest sum to -10 is -4.
Closest sum to 3 is -4.
Closest sum to -20 is -4.
Closest sum to -7 is -4.
Closest sum to -1 is -4.
Closest sum to 8 is -4.
Closest sum to 17 is -4.
Closest sum to 20 is -4.
Closest sum to -8 is -4.
Closest sum to -14 is -4.
Closest sum to -1 is -4.
Closest sum to -16 is -4.
Closest sum to -13 is -4.
Closest sum to -13 is -4.
Closest sum to -2 is -4.
Closest sum to 5 is -4.
Closest sum to 17 is -4.
Closest sum to -9 is -4.
Closest sum to 0 is -4.
Closest sum to 5 is -4.
Closest sum to -2 is -4.
Closest sum to -9 is -4.
Closest sum to 9 is -4.
Case 12:
Closest sum to 5 is -10.
Closest sum to 18 is -10.
Closest sum to 13 is -10.
Closest sum to 18 is -10.
Closest sum to -3 is -10.
Closest sum to -14 is -10.
Closest sum to -17 is -10.
Closest sum to 4 is -10.
Closest sum to 17 is -10.
Closest sum to -7 is -10.
Closest sum to -17 is -10.
Closest sum to -8 is -10.
Closest sum to 17 is -10.
Closest sum to 18 is -10.
Closest sum to -17 is -10.
Closest sum to -6 is -10.
Closest sum to 8 is -10.
Closest sum to -11 is -10.
Closest sum to -20 is -10.
Closest sum to 20 is -10.
Closest sum to -2 is -10.
Closest sum to -7 is -10.
Closest sum to 18 is -10.
Closest sum to 12 is -10.
Closest sum to -4 is -10.
Case 13:
Closest sum to -20 is 14.
Closest sum to -14 is 14.
Closest sum to -5 is 14.
Closest sum to 18 is 14.
Closest sum to 4 is 14.
Closest sum to -14 is 14.
Closest sum to 20 is 14.
Closest sum to 4 is 14.
Closest sum to -5 is 14.
Closest sum to -15 is 14.
Closest sum to 18 is 14.
Closest sum to -20 is 14.
Closest sum to 0 is 14.
Closest sum to -14 is 14.
Closest sum to -14 is 14.
Closest sum to -7 is 14.
Closest sum to -5 is 14.
Closest sum to -4 is 14.
Closest sum to 3 is 14.
Closest sum to 12 is 14.
Closest sum to -13 is 14.
Closest sum to -17 is 14.
Closest sum to 2 is 14.
Closest sum to 4 is 14.
Closest sum to 12 is 14.
Case 14:
Closest sum to 12 is 6.
Closest sum to 6 is 6.
Closest sum to -7 is 6.
Closest sum to 12 is 6.
Closest sum to 16 is 6.
Closest sum to 15 is 6.
Closest sum to 5 is 6.
Closest sum to 20 is 6.
Closest sum to 18 is 6.
Closest sum to -17 is 6.
Closest sum to 13 is 6.
Closest sum to 18 is 6.
Closest sum to 20 is 6.
Closest sum to 6 is 6.
Closest sum to 14 is 6.
Closest sum to 6 is 6.
Closest sum to 2 is 6.
Closest sum to 4 is 6.
Closest sum to -14 is 6.
Closest sum to 8 is 6.
Closest sum to 5 is 6.
Closest sum to 20 is 6.
Closest sum to 4 is 6.
Closest sum to -15 is 6.
Closest sum to -9 is 6.
Case 15:
Closest sum to -15 is -8.
Closest sum to -9 is -8.
Closest sum to -1 is -8.
Closest sum to 1 is -8.
Closest sum to 13 is -8.
Closest sum to 0 is -8.
Closest sum to 10 is -8.
Closest sum to -17 is -8.
Closest sum to -5 is -8.
Closest sum to -12 is -8.
Closest sum to -3 is -8.
Closest sum to 9 is -8.
Closest sum to -11 is -8.
Closest sum to 1 is -8.
Closest sum to -4 is -8.
Closest sum to -17 is -8.
Closest sum to -12 is -8.
Closest sum to 7 is -8.
Closest sum to 9 is -8.
Closest sum to -9 is -8.
Closest sum to -15 is -8.
Closest sum to -1 is -8.
Closest sum to 19 is -8.
Closest sum to -7 is -8.
Closest sum to -20 is -8.
Case 16:
Closest sum to -4 is -12.
Closest sum to 10 is -12.
Closest sum to 19 is -12.
Closest sum to -4 is -12.
Closest sum to 9 is -12.
Closest sum to 3 is -12.
Closest sum to -14 is -12.
Closest sum to -12 is -12.
Closest sum to 10 is -12.
Closest sum to 10 is -12.
Closest sum to -1 is -12.
Closest sum to 16 is -12.
Closest sum to 19 is -12.
Closest sum to 4 is -12.
Closest sum to 19 is -12.
Closest sum to 16 is -12.
Closest sum to -11 is -12.
Closest sum to -14 is -12.
Closest sum to 1 is -12.
Closest sum to -17 is -12.
Closest sum to -8 is -12.
Closest sum to -19 is -12.
Closest sum to -15 is -12.
Closest sum to -13 is -12.
Closest sum to -13 is -12.
Case 17:
Closest sum to 10 is -2.
Closest sum to 7 is -2.
Closest sum to -11 is -2.
Closest sum to -4 is -2.
Closest sum to -13 is -2.
Closest sum to -4 is -2.
Closest sum to 0 is -2.
Closest sum to 12 is -2.
Closest sum to -4 is -2.
Closest sum to 2 is -2.
Closest sum to 19 is -2.
Closest sum to 18 is -2.
Closest sum to 11 is -2.
Closest sum to -17 is -2.
Closest sum to 17 is -2.
Closest sum to 14 is -2.
Closest sum to -2 is -2.
Closest sum to 2 is -2.
Closest sum to 10 is -2.
Closest sum to 3 is -2.
Closest sum to 19 is -2.
Closest sum to -13 is -2.
Closest sum to 16 is -2.
Closest sum to 6 is -2.
Closest sum to -12 is -2.
Case 18:
Closest sum to 6 is -3.
Closest sum to 17 is -3.
Closest sum to -1 is -3.
Closest sum to 13 is -3.
Closest sum to -2 is -3.
Closest sum to 12 is -3.
Closest sum to -7 is -3.
Closest sum to 15 is -3.
Closest sum to -8 is -3.
Closest sum to -14 is -3.
Closest sum to 16 is -3.
Closest sum to 0 is -3.
Closest sum to -12 is -3.
Closest sum to 15 is -3.
Closest sum to 0 is -3.
Closest sum to 14 is -3.
Closest sum to 8 is -3.
Closest sum to -6 is -3.
Closest sum to 13 is -3.
Closest sum to -4 is -3.
Closest sum to 18 is -3.
Closest sum to 5 is -3.
Closest sum to 15 is -3.
Closest sum to 9 is -3.
Closest sum to -12 is -3.
Case 19:
Closest sum to 4 is -11.
Closest sum to -6 is -11.
Closest sum to 18 is -11.
Closest sum to 13 is -11.
Closest sum to 5 is -11.
Closest sum to -20 is -11.
Closest sum to -1 is -11.
Closest sum to -20 is -11.
Closest sum to 20 is -11.
Closest sum to 12 is -11.
Closest sum to -8 is -11.
Closest sum to -9 is -11.
Closest sum to -5 is -11.
Closest sum to -4 is -11.
Closest sum to 6 is -11.
Closest sum to -15 is -11.
Closest sum to 0 is -11.
Closest sum to -20 is -11.
Closest sum to 19 is -11.
Closest sum to -13 is -11.
Closest sum to 20 is -11.
Closest sum to 6 is -11.
Closest sum to 3 is -11.
Closest sum to 7 is -11.
Closest sum to 14 is -11.
Case 20:
Closest sum to 18 is 6.
Closest sum to -9 is 6.
Closest sum to -16 is 6.
Closest sum to 14 is 6.
Closest sum to -2 is 6.
Closest sum to 18 is 6.
Closest sum to 5 is 6.
Closest sum to -7 is 6.
Closest sum to -16 is 6.
Closest sum to 18 is 6.
Closest sum to -15 is 6.
Closest sum to -1 is 6.
Closest sum to 5 is 6.
Closest sum to 20 is 6.
Closest sum to 12 is 6.
Closest sum to -19 is 6.
Closest sum to -14 is 6.
Closest sum to -6 is 6.
Closest sum to -2 is 6.
Closest sum to -20 is 6.
Closest sum to -5 is 6.
Closest sum to -6 is 6.
Closest sum to -15 is 6.
Closest sum to -11 is 6.
Closest sum to -1 is 6.
Case 21:
Closest sum to -8 is -4.
Closest sum to 3 is -4.
Closest sum to 19 is -4.
Closest sum to -8 is -4.
Closest sum to -12 is -4.
Closest sum to 7 is -4.
Closest sum to 0 is -4.
Closest sum to 4 is -4.
Closest sum to -18 is -4.
Closest sum to 11 is -4.
Closest sum to 8 is -4.
Closest sum to 1 is -4.
Closest sum to -18 is -4.
Closest sum to 16 is -4.
Closest sum to -4 is -4.
Closest sum to -3 is -4.
Closest sum to 19 is -4.
Closest sum to 7 is -4.
Closest sum to -17 is -4.
Closest sum to 7 is -4.
Closest sum to -4 is -4.
Closest sum to 0 is -4.
Closest sum to -10 is -4.
Closest sum to -16 is -4.
Closest sum to 10 is -4.
Case 22:
Closest sum to -10 is 2.
Closest sum to -15 is 2.
Closest sum to 1 is 2.
Closest sum to 19 is 2.
Closest sum to 10 is 2.
Closest sum to -20 is 2.
Closest sum to 11 is 2.
Closest sum to -1 is 2.
Closest sum to 3 is 2.
Closest sum to -19 is 2.
Closest sum to -19 is 2.
Closest sum to 20 is 2.
Closest sum to 2 is 2.
Closest sum to -13 is 2.
Closest sum to 5 is 2.
Closest sum to 14 is 2.
Closest sum to 13 is 2.
Closest sum to 12 is 2.
Closest sum to -12 is 2.
Closest sum to 20 is 2.
Closest sum to 19 is 2.
Closest sum to 9 is 2.
Closest sum to -7 is 2.
Closest sum to 18 is 2.
Closest sum to 19 is 2.
Case 23:
Closest sum to 9 is 9.
Closest sum to -18 is 9.
Closest sum to 10 is 9.
Closest sum to 17 is 9.
Closest sum to 9 is 9.
Closest sum to 18 is 9.
Closest sum to 7 is 9.
Closest sum to 1 is 9.
Closest sum to 5 is 9.
Closest sum to 5 is 9.
Closest sum to -8 is 9.
Closest sum to 2 is 9.
Closest sum to 11 is 9.
Closest sum to -19 is 9.
Closest sum to 13 is 9.
Closest sum to -7 is 9.
Closest sum to -10 is 9.
Closest sum to 10 is 9.
Closest sum to 2 is 9.
Closest sum to 11 is 9.
Closest sum to -2 is 9.
Closest sum to -9 is 9.
Closest sum to 2 is 9.
Closest sum to 12 is 9.
Closest sum to -11 is 9.
Case 24:
Closest sum to -20 is 9.
Closest sum to -17 is 9.
Closest sum to 5 is 9.
Closest sum to 0 is 9.
Closest sum to 5 is 9.
Closest sum to -16 is 9.
Closest sum to -16 is 9.
Closest sum to -17 is 9.
Closest sum to 11 is 9.
Closest sum to 0 is 9.
Closest sum to 8 is 9.
Closest sum to 17 is 9.
Closest sum to 18 is 9.
Closest sum to -13 is 9.
Closest sum to 17 is 9.
Closest sum to 2 is 9.
Closest sum to 10 is 9.
Closest sum to -6 is 9.
Closest sum to -13 is 9.
Closest sum to 5 is 9.
Closest sum to -6 is 9.
Closest sum to -20 is 9.
Closest sum to -12 is 9.
Closest sum to 20 is 9.
Closest sum to 19 is 9.
Case 25:
Closest sum to -9 is 10.
Closest sum to 0 is 10.
Closest sum to -9 is 10.
Closest sum to -1 is 10.
Closest sum to -9 is 10.
Closest sum to 19 is 10.
Closest sum to -3 is 10.
Closest sum to -10 is 10.
Closest sum to 0 is 10.
Closest sum to 0 is 10.
Closest sum to -2 is 10.
Closest sum to -6 is 10.
Closest sum to 0 is 10.
Closest sum to 12 is 10.
Closest sum to 7 is 10.
Closest sum to 11 is 10.
Closest sum to 0 is 10.
Closest sum to -19 is 10.
Closest sum to -8 is 10.
Closest sum to -16 is 10.
Closest sum to 9 is 10.
Closest sum to -7 is 10.
Closest sum to -2 is 10.
Closest sum to -17 is 10.
Closest sum to -6 is 10.
Case 26:
Closest sum to 19 is -10.
Closest sum to 11 is -10.
Closest sum to -18 is -10.
Closest sum to -4 is -10.
Closest sum to 16 is -10.
Closest sum to 9 is -10.
Closest sum to 3 is -10.
Closest sum to -5 is -10.
Closest sum to -18 is -10.
Closest sum to 9 is -10.
Closest sum to -3 is -10.
Closest sum to -18 is -10.
Closest sum to -2 is -10.
Closest sum to -1 is -10.
Closest sum to 0 is -10.
Closest sum to 5 is -10.
Closest sum to 9 is -10.
Closest sum to 7 is -10.
Closest sum to -15 is -10.
Closest sum to 7 is -10.
Closest sum to 5 is -10.
Closest sum to 9 is -10.
Closest sum to -3 is -10.
Closest sum to 5 is -10.
Closest sum to 15 is -10.
Case 27:
Closest sum to 3 is 16.
Closest sum to -12 is 16.
Closest sum to -20 is 16.
Closest sum to -14 is 16.
Closest sum to -7 is 16.
Closest sum to -16 is 16.
Closest sum to 9 is 16.
Closest sum to -20 is 16.
Closest sum to 15 is 16.
Closest sum to 10 is 16.
Closest sum to -17 is 16.
Closest sum to 8 is 16.
Closest sum to 9 is 16.
Closest sum to 11 is 16.
Closest sum to 4 is 16.
Closest sum to -19 is 16.
Closest sum to 10 is 16.
Closest sum to -5 is 16.
Closest sum to -16 is 16.
Closest sum to 18 is 16.
Closest sum to -2 is 16.
Closest sum to -8 is 16.
Closest sum to 7 is 16.
Closest sum to -20 is 16.
Closest sum to -17 is 16.
Case 28:
Closest sum to -13 is -5.
Closest sum to -15 is -5.
Closest sum to 15 is -5.
Closest sum to -19 is -5.
Closest sum to 14 is -5.
Closest sum to -18 is -5.
Closest sum to 6 is -5.
Closest sum to -9 is -5.
Closest sum to 8 is -5.
Closest sum to -1 is -5.
Closest sum to -20 is -5.
Closest sum to -1 is -5.
Closest sum to 2 is -5.
Closest sum to -17 is -5.
Closest sum to 19 is -5.
Closest sum to 1 is -5.
Closest sum to 12 is -5.
Closest sum to -12 is -5.
Closest sum to -1 is -5.
Closest sum to -9 is -5.
Closest sum to -18 is -5.
Closest sum to -19 is -5.
Closest sum to -10 is -5.
Closest sum to -6 is -5.
Closest sum to 12 is -5.
Case 29:
Closest sum to -12 is -3.
Closest sum to -16 is -3.
Closest sum to 7 is -3.
Closest sum to 11 is -3.
Closest sum to 20 is -3.
Closest sum to -8 is -3.
Closest sum to 10 is -3.
Closest sum to 7 is -3.
Closest sum to 8 is -3.
Closest sum to -20 is -3.
Closest sum to 7 is -3.
Closest sum to 15 is -3.
Closest sum to 7 is -3.
Closest sum to 2 is -3.
Closest sum to -11 is -3.
Closest sum to 15 is -3.
Closest sum to 11 is -3.
Closest sum to 4 is -3.
Closest sum to 14 is -3.
Closest sum to -4 is -3.
Closest sum to -1 is -3.
Closest sum to -7 is -3.
Closest sum to -18 is -3.
Closest sum to 3 is -3.
Closest sum to -1 is -3.
Case 30:
Closest sum to 0 is 4.
Closest sum to -4 is 4.
Closest sum to -9 is 4.
Closest sum to -14 is 4.
Closest sum to 5 is 4.
Closest sum to -8 is 4.
Closest sum to 15 is 4.
Closest sum to 10 is 4.
Closest sum to 14 is 4.
Closest sum to -4 is 4.
Closest sum to -18 is 4.
Closest sum to -18 is 4.
Closest sum to -16 is 4.
Closest sum to -15 is 4.
Closest sum to 16 is 4.
Closest sum to -14 is 4.
Closest sum to -10 is 4.
Closest sum to -2 is 4.
Closest sum to -15 is 4.
Closest sum to -18 is 4.
Closest sum to -4 is 4.
Closest sum to 13 is 4.
Closest sum to -17 is 4.
Closest sum to 0 is 4.
Closest sum to -15 is 4.
Case 31:
Closest sum to 11 is 0.
Closest sum to -13 is 0.
Closest sum to -17 is 0.
Closest sum to 7 is 0.
Closest sum to 12 is 0.
Closest sum to 18 is 0.
Closest sum to 15 is 0.
Closest sum to -16 is 0.
Closest sum to 5 is 0.
Closest sum to 7 is 0.
Closest sum to -9 is 0.
Closest sum to 10 is 0.
Closest sum to -8 is 0.
Closest sum to -16 is 0.
Closest sum to -9 is 0.
Closest sum to 9 is 0.
Closest sum to 20 is 0.
Closest sum to -9 is 0.
Closest sum to -16 is 0.
Closest sum to -7 is 0.
Closest sum to -6 is 0.
Closest sum to 14 is 0.
Closest sum to -17 is 0.
Closest sum to 16 is 0.
Closest sum to 3 is 0.
Case 32:
Closest sum to -6 is -15.
Closest sum to -4 is -15.
Closest sum to -16 is -15.
Closest sum to 5 is -15.
Closest sum to -14 is -15.
Closest sum to -13 is -15.
Closest sum to -16 is -15.
Closest sum to 13 is -15.
Closest sum to 16 is -15.
Closest sum to 16 is -15.
Closest sum to 10 is -15.
Closest sum to -14 is -15.
Closest sum to -10 is -15.
Closest sum to -15 is -15.
Closest sum to -8 is -15.
Closest sum to -5 is -15.
Closest sum to 15 is -15.
Closest sum to -5 is -15.
Closest sum to -11 is -15.
Closest sum to -7 is -15.
Closest sum to -3 is -15.
Closest sum to 15 is -15.
Closest sum to 2 is -15.
Closest sum to -5 is -15.
Closest sum to 3 is -15.
Case 33:
Closest sum to 19 is 12.
Closest sum to -13 is 12.
Closest sum to -9 is 12.
Closest sum to 13 is 12.
Closest sum to -1 is 12.
Closest sum to 10 is 12.
Closest sum to -8 is 12.
Closest sum to -18 is 12.
Closest sum to -15 is 12.
Closest sum to 3 is 12.
Closest sum to -20 is 12.
Closest sum to 3 is 12.
Closest sum to -2 is 12.
Closest sum to 9 is 12.
Closest sum to 1 is 12.
Closest sum to 6 is 12.
Closest sum to 17 is 12.
Closest sum to -10 is 12.
Closest sum to 15 is 12.
Closest sum to 16 is 12.
Closest sum to 11 is 12.
Closest sum to 13 is 12.
Closest sum to 3 is 12.
Closest sum to 19 is 12.
Closest sum to -13 is 12.
Case 34:
Closest sum to 9 is 2.
Closest sum to 20 is 2.
Closest sum to -2 is 2.
Closest sum to 3 is 2.
Closest sum to 0 is 2.
Closest sum to 14 is 2.
Closest sum to -4 is 2.
Closest sum to -9 is 2.
Closest sum to -20 is 2.
Closest sum to 4 is 2.
Closest sum to 1 is 2.
Closest sum to -13 is 2.
Closest sum to -9 is 2.
Closest sum to 20 is 2.
Closest sum to -2 is 2.
Closest sum to 18 is 2.
Closest sum to 7 is 2.
Closest sum to -2 is 2.
Closest sum to 2 is 2.
Closest sum to 1 is 2.
Closest sum to 8 is 2.
Closest sum to 1 is 2.
Closest sum to 4 is 2.
Closest sum to -4 is 2.
Closest sum to -10 is 2.
Case 35:
Closest sum to 6 is -19.
Closest sum to 8 is -19.
Closest sum to 10 is -19.
Closest sum to 6 is -19.
Closest sum to 13 is -19.
Closest sum to -14 is -19.
Closest sum to 6 is -19.
Closest sum to -1 is -19.
Closest sum to -6 is -19.
Closest sum to 10 is -19.
Closest sum to 1 is -19.
Closest sum to 15 is -19.
Closest sum to -4 is -19.
Closest sum to 8 is -19.
Closest sum to -8 is -19.
Closest sum to -18 is -19.
Closest sum to -17 is -19.
Closest sum to 17 is -19.
Closest sum to 4 is -19.
Closest sum to -2 is -19.
Closest sum to -3 is -19.
Closest sum to 0 is -19.
Closest sum to -16 is -19.
Closest sum to 10 is -19.
Closest sum to 2 is -19.
Case 36:
Closest sum to 7 is 16.
Closest sum to -12 is 16.
Closest sum to 15 is 16.
Closest sum to -18 is 16.
Closest sum to 18 is 16.
Closest sum to 16 is 16.
Closest sum to 9 is 16.
Closest sum to 15 is 16.
Closest sum to -3 is 16.
Closest sum to 20 is 16.
Closest sum to -7 is 16.
Closest sum to -4 is 16.
Closest sum to 8 is 16.
Closest sum to 4 is 16.
Closest sum to 3 is 16.
Closest sum to -17 is 16.
Closest sum to 9 is 16.
Closest sum to -9 is 16.
Closest sum to 1 is 16.
Closest sum to -12 is 16.
Closest sum to -15 is 16.
Closest sum to -12 is 16.
Closest sum to 20 is 16.
Closest sum to 17 is 16.
Closest sum to 2 is 16.
Case 37:
Closest sum to 16 is -16.
Closest sum to -19 is -16.
Closest sum to -13 is -16.
Closest sum to -5 is -16.
Closest sum to -11 is -16.
Closest sum to 6 is -16.
Closest sum to -3 is -16.
Closest sum to -14 is -16.
Closest sum to -15 is -16.
Closest sum to 19 is -16.
Closest sum to 3 is -16.
Closest sum to 6 is -16.
Closest sum to -5 is -16.
Closest sum to 10 is -16.
Closest sum to -15 is -16.
Closest sum to 17 is -16.
Closest sum to 4 is -16.
Closest sum to 4 is -16.
Closest sum to -2 is -16.
Closest sum to -14 is -16.
Closest sum to -11 is -16.
Closest sum to 7 is -16.
Closest sum to -5 is -16.
Closest sum to 12 is -16.
Closest sum to -8 is -16.
Case 38:
Closest sum to 9 is 10.
Closest sum to -3 is 10.
Closest sum to -20 is 10.
Closest sum to -3 is 10.
Closest sum to 0 is 10.
Closest sum to 11 is 10.
Closest sum to -17 is 10.
Closest sum to -18 is 10.
Closest sum to 12 is 10.
Closest sum to 19 is 10.
Closest sum to 15 is 10.
Closest sum to 1 is 10.
Closest sum to 8 is 10.
Closest sum to -12 is 10.
Closest sum to 12 is 10.
Closest sum to 17 is 10.
Closest sum to -19 is 10.
Closest sum to 7 is 10.
Closest sum to 1 is 10.
Closest sum to 13 is 10.
Closest sum to 3 is 10.
Closest sum to 8 is 10.
Closest sum to 9 is 10.
Closest sum to 7 is 10.
Closest sum to -2 is 10.
Case 39:
Closest sum to -14 is 12.
Closest sum to 18 is 12.
Closest sum to -17 is 12.
Closest sum to 15 is 12.
Closest sum to 19 is 12.
Closest sum to 20 is 12.
Closest sum to 5 is 12.
Closest sum to -7 is 12.
Closest sum to -13 is 12.
Closest sum to -2 is 12.
Closest sum to 11 is 12.
Closest sum to 12 is 12.
Closest sum to 6 is 12.
Closest sum to 7 is 12.
Closest sum to -2 is 12.
Closest sum to -5 is 12.
Closest sum to 10 is 12.
Closest sum to 13 is 12.
Closest sum to 16 is 12.
Closest sum to 13 is 12.
Closest sum to -12 is 12.
Closest sum to 5 is 12.
Closest sum to -13 is 12.
Closest sum to 8 is 12.
Closest sum to 15 is 12.
Case 40:
Closest sum to -16 is -10.
Closest sum to 15 is -10.
Closest sum to -4 is -10.
Closest sum to -5 is -10.
Closest sum to -2 is -10.
Closest sum to 6 is -10.
Closest sum to -3 is -10.
Closest sum to -14 is -10.
Closest sum to -16 is -10.
Closest sum to -20 is -10.
Closest sum to -17 is -10.
Closest sum to -17 is -10.
Closest sum to -8 is -10.
Closest sum to -1 is -10.
Closest sum to 12 is -10.
Closest sum to 9 is -10.
Closest sum to 9 is -10.
Closest sum to 0 is -10.
Closest sum to 6 is -10.
Closest sum to -6 is -10.
Closest sum to 19 is -10.
Closest sum to -3 is -10.
Closest sum to -12 is -10.
Closest sum to 11 is -10.
Closest sum to -8 is -10.
Case 41:
Closest sum to 6 is -9.
Closest sum to 9 is -9.
Closest sum to 1 is -9.
Closest sum to 5 is -9.
Closest sum to 7 is -9.
Closest sum to -15 is -9.
Closest sum to -18 is -9.
Closest sum to 16 is -9.
Closest sum to -9 is -9.
Closest sum to -9 is -9.
Closest sum to -13 is -9.
Closest sum to -13 is -9.
Closest sum to 2 is -9.
Closest sum to 12 is -9.
Closest sum to -11 is -9.
Closest sum to -7 is -9.
Closest sum to -13 is -9.
Closest sum to -4 is -9.
Closest sum to -9 is -9.
Closest sum to -6 is -9.
Closest sum to 0 is -9.
Closest sum to 8 is -9.
Closest sum to -15 is -9.
Closest sum to 9 is -9.
Closest sum to 7 is -9.
Case 42:
Closest sum to 19 is 6.
Closest sum to -5 is 6.
Closest sum to -15 is 6.
Closest sum to -8 is 6.
Closest sum to 19 is 6.
Closest sum to 17 is 6.
Closest sum to -5 is 6.
Closest sum to 11 is 6.
Closest sum to -20 is 6.
Closest sum to -15 is 6.
Closest sum to -2 is 6.
Closest sum to -10 is 6.
Closest sum to 3 is 6.
Closest sum to -3 is 6.
Closest sum to -16 is 6.
Closest sum to -17 is 6.
Closest sum to 13 is 6.
Closest sum to 0 is 6.
Closest sum to 16 is 6.
Closest sum to 0 is 6.
Closest sum to 12 is 6.
Closest sum to 7 is 6.
Closest sum to -4 is 6.
Closest sum to 3 is 6.
Closest sum to -9 is 6.
Case 43:
Closest sum to 18 is 5.
Closest sum to -12 is 5.
Closest sum to -3 is 5.
Closest sum to -1 is 5.
Closest sum to 10 is 5.
Closest sum to 2 is 5.
Closest sum to 6 is 5.
Closest sum to -15 is 5.
Closest sum to 15 is 5.
Closest sum to 8 is 5.
Closest sum to 8 is 5.
Closest sum to -9 is 5.
Closest sum to 2 is 5.
Closest sum to -10 is 5.
Closest sum to -9 is 5.
Closest sum to -6 is 5.
Closest sum to -8 is 5.
Closest sum to -18 is 5.
Closest sum to 19 is 5.
Closest sum to -10 is 5.
Closest sum to 15 is 5.
Closest sum to -4 is 5.
Closest sum to 6 is 5.
Closest sum to 0 is 5.
Closest sum to 0 is 5.
Case 44:
Closest sum to 7 is 16.
Closest sum to 20 is 16.
Closest sum to 17 is 16.
Closest sum to -6 is 16.
Closest sum to 19 is 16.
Closest sum to 6 is 16.
Closest sum to -12 is 16.
Closest sum to 19 is 16.
Closest sum to 12 is 16.
Closest sum to 15 is 16.
Closest sum to -4 is 16.
Closest sum to -4 is 16.
Closest sum to 18 is 16.
Closest sum to -10 is 16.
Closest sum to 14 is 16.
Closest sum to 20 is 16.
Closest sum to 18 is 16.
Closest sum to -8 is 16.
Closest sum to 15 is 16.
Closest sum to -16 is 16.
Closest sum to 12 is 16.
Closest sum to -16 is 16.
Closest sum to -20 is 16.
Closest sum to 6 is 16.
Closest sum to -20 is 16.
Case 45:
Closest sum to 17 is 4.
Closest sum to -11 is 4.
Closest sum to -6 is 4.
Closest sum to 7 is 4.
Closest sum to -9 is 4.
Closest sum to -3 is 4.
Closest sum to 14 is 4.
Closest sum to -12 is 4.
Closest sum to 3 is 4.
Closest sum to -11 is 4.
Closest sum to -5 is 4.
Closest sum to 9 is 4.
Closest sum to -4 is 4.
Closest sum to 10 is 4.
Closest sum to -16 is 4.
Closest sum to -16 is 4.
Closest sum to -13 is 4.
Closest sum to 15 is 4.
Closest sum to 12 is 4.
Closest sum to -17 is 4.
Closest sum to 6 is 4.
Closest sum to -11 is 4.
Closest sum to -14 is 4.
Closest sum to -17 is 4.
Closest sum to 8 is 4.
Case 46:
Closest sum to -18 is -15.
Closest sum to -4 is -15.
Closest sum to -4 is -15.
Closest sum to -3 is -15.
Closest sum to 7 is -15.
Closest sum to 7 is -15.
Closest sum to 11 is -15.
Closest sum to 17 is -15.
Closest sum to 2 is -15.
Closest sum to 16 is -15.
Closest sum to 7 is -15.
Closest sum to 0 is -15.
Closest sum to -19 is -15.
Closest sum to -7 is -15.
Closest sum to 0 is -15.
Closest sum to -7 is -15.
Closest sum to 4 is -15.
Closest sum to 2 is -15.
Closest sum to -2 is -15.
Closest sum to 8 is -15.
Closest sum to 10 is -15.
Closest sum to -7 is -15.
Closest sum to -2 is -15.
Closest sum to 20 is -15.
Closest sum to 4 is -15.
Case 47:
Closest sum to 10 is -12.
Closest sum to -10 is -12.
Closest sum to -3 is -12.
Closest sum to -4 is -12.
Closest sum to -1 is -12.
Closest sum to -12 is -12.
Closest sum to 8 is -12.
Closest sum to -8 is -12.
Closest sum to 15 is -12.
Closest sum to -6 is -12.
Closest sum to 17 is -12.
Closest sum to -14 is -12.
Closest sum to 3 is -12.
Closest sum to 17 is -12.
Closest sum to 13 is -12.
Closest sum to -1 is -12.
Closest sum to 6 is -12.
Closest sum to -5 is -12.
Closest sum to 13 is -12.
Closest sum to 19 is -12.
Closest sum to 17 is -12.
Closest sum to 8 is -12.
Closest sum to -19 is -12.
Closest sum to 20 is -12.
Closest sum to 2 is -12.
Case 48:
Closest sum to 11 is -4.
Closest sum to 13 is -4.
Closest sum to -13 is -4.
Closest sum to 4 is -4.
Closest sum to 12 is -4.
Closest sum to -14 is -4.
Closest sum to 18 is -4.
Closest sum to 2 is -4.
Closest sum to 10 is -4.
Closest sum to -19 is -4.
Closest sum to -9 is -4.
Closest sum to -10 is -4.
Closest sum to -20 is -4.
Closest sum to 10 is -4.
Closest sum to -1 is -4.
Closest sum to 14 is -4.
Closest sum to -4 is -4.
Closest sum to -17 is -4.
Closest sum to -19 is -4.
Closest sum to 13 is -4.
Closest sum to 18 is -4.
Closest sum to -17 is -4.
Closest sum to -16 is -4.
Closest sum to 1 is -4.
Closest sum to -10 is -4.
Case 49:
Closest sum to -17 is -11.
Closest sum to 17 is -11.
Closest sum to 9 is -11.
Closest sum to 7 is -11.
Closest sum to 20 is -11.
Closest sum to -14 is -11.
Closest sum to 8 is -11.
Closest sum to 3 is -11.
Closest sum to 10 is -11.
Closest sum to 7 is -11.
Closest sum to -4 is -11.
Closest sum to 2 is -11.
Closest sum to -3 is -11.
Closest sum to 0 is -11.
Closest sum to -20 is -11.
Closest sum to -9 is -11.
Closest sum to -18 is -11.
Closest sum to 16 is -11.
Closest sum to 13 is -11.
Closest sum to 16 is -11.
Closest sum to 19 is -11.
Closest sum to 4 is -11.
Closest sum to -8 is -11.
Closest sum to 16 is -11.
Closest sum to 19 is -11.
Case 50:
Closest sum to 13 is 1.
Closest sum to 8 is 1.
Closest sum to -8 is 1.
Closest sum to -1 is 1.
Closest sum to 13 is 1.
Closest sum to 14 is 1.
Closest sum to 13 is 1.
Closest sum to -3 is 1.
Closest sum to 4 is 1.
Closest sum to 19 is 1.
Closest sum to 20 is 1.
Closest sum to -9 is 1.
Closest sum to -15 is 1.
Closest sum to -6 is 1.
Closest sum to -1 is 1.
Closest sum to 18 is 1.
Closest sum to 11 is 1.
Closest sum to -1 is 1.
Closest sum to 20 is 1.
Closest sum to -16 is 1.
Closest sum to 13 is 1.
Closest sum to 20 is 1.
Closest sum to 2 is 1.
Closest sum to 20 is 1.
Closest sum to 18 is 1.
Case 51:
Closest sum to -3 is 0.
Closest sum to 4 is 0.
Closest sum to -19 is 0.
Closest sum to 15 is 0.
Closest sum to -14 is 0.
Closest sum to 18 is 0.
Closest sum to 17 is 0.
Closest sum to -3 is 0.
Closest sum to -4 is 0.
Closest sum to 2 is 0.
Closest sum to -20 is 0.
Closest sum to -5 is 0.
Closest sum to -1 is 0.
Closest sum to -12 is 0.
Closest sum to -17 is 0.
Closest sum to 1 is 0.
Closest sum to 17 is 0.
Closest sum to 20 is 0.
Closest sum to 17 is 0.
Closest sum to 7 is 0.
Closest sum to -1 is 0.
Closest sum to 9 is 0.
Closest sum to -13 is 0.
Closest sum to -13 is 0.
Closest sum to -3 is 0.
Case 52:
Closest sum to 10 is -13.
Closest sum to -12 is -13.
Closest sum to 9 is -13.
Closest sum to -12 is -13.
Closest sum to 6 is -13.
Closest sum to 4 is -13.
Closest sum to -13 is -13.
Closest sum to -5 is -13.
Closest sum to -10 is -13.
Closest sum to 14 is -13.
Closest sum to 17 is -13.
Closest sum to -18 is -13.
Closest sum to 20 is -13.
Closest sum to 10 is -13.
Closest sum to -11 is -13.
Closest sum to -20 is -13.
Closest sum to 7 is -13.
Closest sum to 8 is -13.
Closest sum to 14 is -13.
Closest sum to 3 is -13.
Closest sum to -20 is -13.
Closest sum to 1 is -13.
Closest sum to 0 is -13.
Closest sum to -12 is -13.
Closest sum to 4 is -13.
Case 53:
Closest sum to -3 is 4.
Closest sum to 11 is 4.
Closest sum to -9 is 4.
Closest sum to 19 is 4.
Closest sum to 18 is 4.
Closest sum to 0 is 4.
Closest sum to -16 is 4.
Closest sum to -12 is 4.
Closest sum to 4 is 4.
Closest sum to -4 is 4.
Closest sum to 3 is 4.
Closest sum to -18 is 4.
Closest sum to 11 is 4.
Closest sum to 5 is 4.
Closest sum to -6 is 4.
Closest sum to 20 is 4.
Closest sum to -9 is 4.
Closest sum to -10 is 4.
Closest sum to -17 is 4.
Closest sum to 18 is 4.
Closest sum to -1 is 4.
Closest sum to -2 is 4.
Closest sum to 14 is 4.
Closest sum to -15 is 4.
Closest sum to 19 is 4.
Case 54:
Closest sum to 4 is -1.
Closest sum to -5 is -1.
Closest sum to 12 is -1.
Closest sum to -10 is -1.
Closest sum to -16 is -1.
Closest sum to -12 is -1.
Closest sum to -11 is -1.
Closest sum to -16 is -1.
Closest sum to -3 is -1.
Closest sum to -9 is -1.
Closest sum to 18 is -1.
Closest sum to 3 is -1.
Closest sum to 9 is -1.
Closest sum to 11 is -1.
Closest sum to 4 is -1.
Closest sum to -8 is -1.
Closest sum to 13 is -1.
Closest sum to 7 is -1.
Closest sum to 4 is -1.
Closest sum to 14 is -1.
Closest sum to -15 is -1.
Closest sum to -9 is -1.
Closest sum to 4 is -1.
Closest sum to -1 is -1.
Closest sum to -14 is -1.
Case 55:
Closest sum to 18 is 3.
Closest sum to -2 is 3.
Closest sum to -19 is 3.
Closest sum to 6 is 3.
Closest sum to -8 is 3.
Closest sum to -15 is 3.
Closest sum to 4 is 3.
Closest sum to -3 is 3.
Closest sum to 4 is 3.
Closest sum to 2 is 3.
Closest sum to 4 is 3.
Closest sum to -20 is 3.
Closest sum to 18 is 3.
Closest sum to 16 is 3.
Closest sum to 8 is 3.
Closest sum to -20 is 3.
Closest sum to -12 is 3.
Closest sum to 12 is 3.
Closest sum to -20 is 3.
Closest sum to 1 is 3.
Closest sum to -10 is 3.
Closest sum to -3 is 3.
Closest sum to 4 is 3.
Closest sum to 6 is 3.
Closest sum to -17 is 3.
Case 56:
Closest sum to -11 is 2.
Closest sum to 14 is 2.
Closest sum to 12 is 2.
Closest sum to 18 is 2.
Closest sum to -16 is 2.
Closest sum to -7 is 2.
Closest sum to -15 is 2.
Closest sum to -9 is 2.
Closest sum to 12 is 2.
Closest sum to 2 is 2.
Closest sum to 9 is 2.
Closest sum to -9 is 2.
Closest sum to -11 is 2.
Closest sum to 0 is 2.
Closest sum to 8 is 2.
Closest sum to 8 is 2.
Closest sum to 9 is 2.
Closest sum to 17 is 2.
Closest sum to -14 is 2.
Closest sum to -15 is 2.
Closest sum to -18 is 2.
Closest sum to -7 is 2.
Closest sum to 19 is 2.
Closest sum to 20 is 2.
Closest sum to -8 is 2.
Case 57:
Closest sum to 1 is 6.
Closest sum to 0 is 6.
Closest sum to -6 is 6.
Closest sum to -1 is 6.
Closest sum to -11 is 6.
Closest sum to 4 is 6.
Closest sum to 3 is 6.
Closest sum to 0 is 6.
Closest sum to -13 is 6.
Closest sum to -16 is 6.
Closest sum to 12 is 6.
Closest sum to 2 is 6.
Closest sum to -14 is 6.
Closest sum to 15 is 6.
Closest sum to -9 is 6.
Closest sum to 20 is 6.
Closest sum to -16 is 6.
Closest sum to -2 is 6.
Closest sum to 4 is 6.
Closest sum to 16 is 6.
Closest sum to -19 is 6.
Closest sum to 8 is 6.
Closest sum to 5 is 6.
Closest sum to -15 is 6.
Closest sum to -5 is 6.
Case 58:
Closest sum to 8 is -11.
Closest sum to 0 is -11.
Closest sum to -17 is -11.
Closest sum to -5 is -11.
Closest sum to -16 is -11.
Closest sum to -4 is -11.
Closest sum to 5 is -11.
Closest sum to -19 is -11.
Closest sum to 4 is -11.
Closest sum to 0 is -11.
Closest sum to 13 is -11.
Closest sum to 14 is -11.
Closest sum to -5 is -11.
Closest sum to 1 is -11.
Closest sum to 15 is -11.
Closest sum to -19 is -11.
Closest sum to -11 is -11.
Closest sum to 7 is -11.
Closest sum to -6 is -11.
Closest sum to 0 is -11.
Closest sum to 2 is -11.
Closest sum to -3 is -11.
Closest sum to -1 is -11.
Closest sum to 1 is -11.
Closest sum to -16 is -11.
Case 59:
Closest sum to -15 is 14.
Closest sum to -17 is 14.
Closest sum to -6 is 14.
Closest sum to 2 is 14.
Closest sum to -2 is 14.
Closest sum to -3 is 14.
Closest sum to -20 is 14.
Closest sum to -7 is 14.
Closest sum to 10 is 14.
Closest sum to 4 is 14.
Closest sum to -3 is 14.
Closest sum to 0 is 14.
Closest sum to 11 is 14.
Closest sum to 4 is 14.
Closest sum to 14 is 14.
Closest sum to 9 is 14.
Closest sum to 17 is 14.
Closest sum to 1 is 14.
Closest sum to 6 is 14.
Closest sum to -3 is 14.
Closest sum to 8 is 14.
Closest sum to 14 is 14.
Closest sum to -7 is 14.
Closest sum to 14 is 14.
Closest sum to 11 is 14.
Case 60:
Closest sum to -10 is 1.
Closest sum to -17 is 1.
Closest sum to 13 is 1.
Closest sum to -15 is 1.
Closest sum to -6 is 1.
Closest sum to -20 is 1.
Closest sum to 5 is 1.
Closest sum to -16 is 1.
Closest sum to -11 is 1.
Closest sum to -6 is 1.
Closest sum to 10 is 1.
Closest sum to 18 is 1.
Closest sum to -1 is 1.
Closest sum to -6 is 1.
Closest sum to -13 is 1.
Closest sum to -6 is 1.
Closest sum to 16 is 1.
Closest sum to -16 is 1.
Closest sum to 13 is 1.
Closest sum to 9 is 1.
Closest sum to -14 is 1.
Closest sum to 2 is 1.
Closest sum to -18 is 1.
Closest sum to 18 is 1.
Closest sum to 1 is 1.
Case 61:
Closest sum to 8 is 1.
Closest sum to -1 is 1.
Closest sum to 1 is 1.
Closest sum to -1 is 1.
Closest sum to 0 is 1.
Closest sum to 4 is 1.
Closest sum to -17 is 1.
Closest sum to -8 is 1.
Closest sum to 20 is 1.
Closest sum to 15 is 1.
Closest sum to 20 is 1.
Closest sum to 6 is 1.
Closest sum to -11 is 1.
Closest sum to 18 is 1.
Closest sum to -6 is 1.
Closest sum to -16 is 1.
Closest sum to 18 is 1.
Closest sum to -9 is 1.
Closest sum to 18 is 1.
Closest sum to -11 is 1.
Closest sum to 20 is 1.
Closest sum to 12 is 1.
Closest sum to 8 is 1.
Closest sum to 15 is 1.
Closest sum to -4 is 1.
Case 62:
Closest sum to 6 is -11.
Closest sum to -3 is -11.
Closest sum to -16 is -11.
Closest sum to -12 is -11.
Closest sum to 7 is -11.
Closest sum to -2 is -11.
Closest sum to 8 is -11.
Closest sum to -2 is -11.
Closest sum to -1 is -11.
Closest sum to -11 is -11.
Closest sum to 10 is -11.
Closest sum to 3 is -11.
Closest sum to -19 is -11.
Closest sum to -10 is -11.
Closest sum to 4 is -11.
Closest sum to -12 is -11.
Closest sum to 1 is -11.
Closest sum to -18 is -11.
Closest sum to 0 is -11.
Closest sum to 5 is -11.
Closest sum to -17 is -11.
Closest sum to 15 is -11.
Closest sum to -12 is -11.
Closest sum to -18 is -11.
Closest sum to -9 is -11.
Case 63:
Closest sum to 19 is -2.
Closest sum to 11 is -2.
Closest sum to -5 is -2.
Closest sum to -12 is -2.
Closest sum to -12 is -2.
Closest sum to 15 is -2.
Closest sum to 12 is -2.
Closest sum to -9 is -2.
Closest sum to -1 is -2.
Closest sum to -7 is -2.
Closest sum to -2 is -2.
Closest sum to -15 is -2.
Closest sum to 7 is -2.
Closest sum to -4 is -2.
Closest sum to 12 is -2.
Closest sum to -2 is -2.
Closest sum to -5 is -2.
Closest sum to 13 is -2.
Closest sum to 1 is -2.
Closest sum to 19 is -2.
Closest sum to 20 is -2.
Closest sum to -20 is -2.
Closest sum to 2 is -2.
Closest sum to 1 is -2.
Closest sum to -6 is -2.
Case 64:
Closest sum to -7 is -14.
Closest sum to -10 is -14.
Closest sum to -4 is -14.
Closest sum to -3 is -14.
Closest sum to -20 is -14.
Closest sum to 5 is -14.
Closest sum to 4 is -14.
Closest sum to -12 is -14.
Closest sum to 17 is -14.
Closest sum to -11 is -14.
Closest sum to 1 is -14.
Closest sum to -4 is -14.
Closest sum to 14 is -14.
Closest sum to 3 is -14.
Closest sum to -5 is -14.
Closest sum to -15 is -14.
Closest sum to 17 is -14.
Closest sum to -4 is -14.
Closest sum to -18 is -14.
Closest sum to -8 is -14.
Closest sum to -6 is -14.
Closest sum to -4 is -14.
Closest sum to 15 is -14.
Closest sum to 3 is -14.
Closest sum to 9 is -14.
Case 65:
Closest sum to 12 is -4.
Closest sum to 17 is -4.
Closest sum to -6 is -4.
Closest sum to 12 is -4.
Closest sum to 9 is -4.
Closest sum to -2 is -4.
Closest sum to -9 is -4.
Closest sum to 7 is -4.
Closest sum to -1 is -4.
Closest sum to 6 is -4.
Closest sum to -4 is -4.
Closest sum to -10 is -4.
Closest sum to -17 is -4.
Closest sum to 12 is -4.
Closest sum to 8 is -4.
Closest sum to 1 is -4.
Closest sum to -15 is -4.
Closest sum to -3 is -4.
Closest sum to -19 is -4.
Closest sum to -2 is -4.
Closest sum to -10 is -4.
Closest sum to -6 is -4.
Closest sum to -8 is -4.
Closest sum to -18 is -4.
Closest sum to 1 is -4.
Case 66:
Closest sum to -3 is 0.
Closest sum to -17 is 0.
Closest sum to 12 is 0.
Closest sum to 12 is 0.
Closest sum to 16 is 0.
Closest sum to -13 is 0.
Closest sum to 0 is 0.
Closest sum to -6 is 0.
Closest sum to 13 is 0.
Closest sum to -5 is 0.
Closest sum to -4 is 0.
Closest sum to 7 is 0.
Closest sum to 1 is 0.
Closest sum to -20 is 0.
Closest sum to -17 is 0.
Closest sum to 4 is 0.
Closest sum to 15 is 0.
Closest sum to 13 is 0.
Closest sum to 7 is 0.
Closest sum to 4 is 0.
Closest sum to 11 is 0.
Closest sum to -2 is 0.
Closest sum to 20 is 0.
Closest sum to 1 is 0.
Closest sum to -3 is 0.
Case 67:
Closest sum to 3 is -11.
Closest sum to -13 is -11.
Closest sum to 12 is -11.
Closest sum to -2 is -11.
Closest sum to -12 is -11.
Closest sum to -3 is -11.
Closest sum to -2 is -11.
Closest sum to -1 is -11.
Closest sum to 4 is -11.
Closest sum to 12 is -11.
Closest sum to 10 is -11.
Closest sum to 20 is -11.
Closest sum to -20 is -11.
Closest sum to 4 is -11.
Closest sum to -17 is -11.
Closest sum to 7 is -11.
Closest sum to 17 is -11.
Closest sum to 20 is -11.
Closest sum to 0 is -11.
Closest sum to -20 is -11.
Closest sum to 8 is -11.
Closest sum to -7 is -11.
Closest sum to -18 is -11.
Closest sum to -18 is -11.
Closest sum to 2 is -11.
Case 68:
Closest sum to -2 is -6.
Closest sum to -17 is -6.
Closest sum to 12 is -6.
Closest sum to -18 is -6.
Closest sum to -11 is -6.
Closest sum to -9 is -6.
Closest sum to -14 is -6.
Closest sum to -16 is -6.
Closest sum to 14 is -6.
Closest sum to 15 is -6.
Closest sum to -8 is -6.
Closest sum to 10 is -6.
Closest sum to 20 is -6.
Closest sum to 4 is -6.
Closest sum to -3 is -6.
Closest sum to -20 is -6.
Closest sum to -2 is -6.
Closest sum to 4 is -6.
Closest sum to 9 is -6.
Closest sum to 18 is -6.
Closest sum to -10 is -6.
Closest sum to 6 is -6.
Closest sum to 1 is -6.
Closest sum to -19 is -6.
Closest sum to -7 is -6.
Case 69:
Closest sum to 0 is -2.
Closest sum to -14 is -2.
Closest sum to -12 is -2.
Closest sum to -5 is -2.
Closest sum to -2 is -2.
Closest sum to -3 is -2.
Closest sum to 19 is -2.
Closest sum to -18 is -2.
Closest sum to 13 is -2.
Closest sum to -9 is -2.
Closest sum to -10 is -2.
Closest sum to 4 is -2.
Closest sum to 5 is -2.
Closest sum to -18 is -2.
Closest sum to -19 is -2.
Closest sum to 16 is -2.
Closest sum to -8 is -2.
Closest sum to 3 is -2.
Closest sum to -20 is -2.
Closest sum to -10 is -2.
Closest sum to 16 is -2.
Closest sum to 13 is -2.
Closest sum to 18 is -2.
Closest sum to 13 is -2.
Closest sum to -18 is -2.
Case 70:
Closest sum to -6 is -2.
Closest sum to -8 is -2.
Closest sum to -11 is -2.
Closest sum to -15 is -2.
Closest sum to 4 is -2.
Closest sum to -9 is -2.
Closest sum to 20 is -2.
Closest sum to -12 is -2.
Closest sum to 14 is -2.
Closest sum to 4 is -2.
Closest sum to -17 is -2.
Closest sum to -14 is -2.
Closest sum to 5 is -2.
Closest sum to 13 is -2.
Closest sum to 14 is -2.
Closest sum to 12 is -2.
Closest sum to 1 is -2.
Closest sum to 4 is -2.
Closest sum to 14 is -2.
Closest sum to 12 is -2.
Closest sum to -1 is -2.
Closest sum to 10 is -2.
Closest sum to 14 is -2.
Closest sum to 14 is -2.
Closest sum to -2 is -2.
Case 71:
Closest sum to 5 is 3.
Closest sum to -11 is 3.
Closest sum to -14 is 3.
Closest sum to 11 is 3.
Closest sum to -10 is 3.
Closest sum to 2 is 3.
Closest sum to 9 is 3.
Closest sum to -16 is 3.
Closest sum to 1 is 3.
Closest sum to -18 is 3.
Closest sum to -1 is 3.
Closest sum to 9 is 3.
Closest sum to 2 is 3.
Closest sum to -5 is 3.
Closest sum to -18 is 3.
Closest sum to 7 is 3.
Closest sum to -5 is 3.
Closest sum to -12 is 3.
Closest sum to -17 is 3.
Closest sum to 13 is 3.
Closest sum to -5 is 3.
Closest sum to -3 is 3.
Closest sum to 12 is 3.
Closest sum to 13 is 3.
Closest sum to -16 is 3.
Case 72:
Closest sum to 15 is -3.
Closest sum to -12 is -3.
Closest sum to -15 is -3.
Closest sum to 3 is -3.
Closest sum to 5 is -3.
Closest sum to 13 is -3.
Closest sum to -18 is -3.
Closest sum to -18 is -3.
Closest sum to 8 is -3.
Closest sum to 11 is -3.
Closest sum to -15 is -3.
Closest sum to -1 is -3.
Closest sum to 20 is -3.
Closest sum to -14 is -3.
Closest sum to -9 is -3.
Closest sum to 11 is -3.
Closest sum to 13 is -3.
Closest sum to 9 is -3.
Closest sum to 6 is -3.
Closest sum to 11 is -3.
Closest sum to 15 is -3.
Closest sum to -15 is -3.
Closest sum to 20 is -3.
Closest sum to -12 is -3.
Closest sum to -13 is -3.
Case 73:
Closest sum to -18 is -1.
Closest sum to 13 is -1.
Closest sum to 12 is -1.
Closest sum to -10 is -1.
Closest sum to -4 is -1.
Closest sum to -1 is -1.
Closest sum to -7 is -1.
Closest sum to -14 is -1.
Closest sum to 14 is -1.
Closest sum to 17 is -1.
Closest sum to -1 is -1.
Closest sum to 3 is -1.
Closest sum to -7 is -1.
Closest sum to -18 is -1.
Closest sum to -15 is -1.
Closest sum to 14 is -1.
Closest sum to 20 is -1.
Closest sum to 3 is -1.
Closest sum to 15 is -1.
Closest sum to -2 is -1.
Closest sum to 18 is -1.
Closest sum to 18 is -1.
Closest sum to -18 is -1.
Closest sum to 17 is -1.
Closest sum to 12 is -1.
Case 74:
Closest sum to -14 is -10.
Closest sum to -3 is -10.
Closest sum to -6 is -10.
Closest sum to -6 is -10.
Closest sum to -5 is -10.
Closest sum to 5 is -10.
Closest sum to -16 is -10.
Closest sum to -18 is -10.
Closest sum to 10 is -10.
Closest sum to -15 is -10.
Closest sum to 10 is -10.
Closest sum to 0 is -10.
Closest sum to 16 is -10.
Closest sum to 6 is -10.
Closest sum to -11 is -10.
Closest sum to 0 is -10.
Closest sum to 14 is -10.
Closest sum to 1 is -10.
Closest sum to 8 is -10.
Closest sum to 5 is -10.
Closest sum to -2 is -10.
Closest sum to 19 is -10.
Closest sum to -11 is -10.
Closest sum to 4 is -10.
Closest sum to -17 is -10.
Case 75:
Closest sum to -2 is 8.
Closest sum to 11 is 8.
Closest sum to 18 is 8.
Closest sum to 19 is 8.
Closest sum to -19 is 8.
Closest sum to 0 is 8.
Closest sum to -16 is 8.
Closest sum to -11 is 8.
Closest sum to -14 is 8.
Closest sum to -11 is 8.
Closest sum to -7 is 8.
Closest sum to 4 is 8.
Closest sum to 14 is 8.
Closest sum to 7 is 8.
Closest sum to 5 is 8.
Closest sum to -11 is 8.
Closest sum to 1 is 8.
Closest sum to -17 is 8.
Closest sum to 2 is 8.
Closest sum to 15 is 8.
Closest sum to -5 is 8.
Closest sum to -8 is 8.
Closest sum to -18 is 8.
Closest sum to 0 is 8.
Closest sum to 19 is 8.
Case 76:
Closest sum to 2 is 5.
Closest sum to 10 is 5.
Closest sum to -11 is 5.
Closest sum to 18 is 5.
Closest sum to 8 is 5.
Closest sum to -7 is 5.
Closest sum to -4 is 5.
Closest sum to 19 is 5.
Closest sum to 15 is 5.
Closest sum to -1 is 5.
Closest sum to -4 is 5.
Closest sum to -4 is 5.
Closest sum to 1 is 5.
Closest sum to 18 is 5.
Closest sum to -4 is 5.
Closest sum to 15 is 5.
Closest sum to -10 is 5.
Closest sum to -7 is 5.
Closest sum to 6 is 5.
Closest sum to 16 is 5.
Closest sum to -15 is 5.
Closest sum to 5 is 5.
Closest sum to 5 is 5.
Closest sum to -8 is 5.
Closest sum to -13 is 5.
Case 77:
Closest sum to -4 is -9.
Closest sum to -16 is -9.
Closest sum to -18 is -9.
Closest sum to 3 is -9.
Closest sum to 17 is -9.
Closest sum to 17 is -9.
Closest sum to -19 is -9.
Closest sum to 10 is -9.
Closest sum to 10 is -9.
Closest sum to -2 is -9.
Closest sum to 3 is -9.
Closest sum to 3 is -9.
Closest sum to 4 is -9.
Closest sum to -19 is -9.
Closest sum to -18 is -9.
Closest sum to -9 is -9.
Closest sum to -13 is -9.
Closest sum to -1 is -9.
Closest sum to -10 is -9.
Closest sum to -11 is -9.
Closest sum to -4 is -9.
Closest sum to 0 is -9.
Closest sum to 10 is -9.
Closest sum to 17 is -9.
Closest sum to -4 is -9.
Case 78:
Closest sum to 16 is 8.
Closest sum to 8 is 8.
Closest sum to -20 is 8.
Closest sum to -20 is 8.
Closest sum to -19 is 8.
Closest sum to 5 is 8.
Closest sum to 1 is 8.
Closest sum to -9 is 8.
Closest sum to -16 is 8.
Closest sum to 8 is 8.
Closest sum to 9 is 8.
Closest sum to 20 is 8.
Closest sum to 19 is 8.
Closest sum to -12 is 8.
Closest sum to 3 is 8.
Closest sum to -15 is 8.
Closest sum to 14 is 8.
Closest sum to -17 is 8.
Closest sum to 6 is 8.
Closest sum to -20 is 8.
Closest sum to 1 is 8.
Closest sum to 15 is 8.
Closest sum to 3 is 8.
Closest sum to -2 is 8.
Closest sum to 9 is 8.
Case 79:
Closest sum to -13 is 4.
Closest sum to 16 is 4.
Closest sum to 16 is 4.
Closest sum to 11 is 4.
Closest sum to -8 is 4.
Closest sum to -3 is 4.
Closest sum to 18 is 4.
Closest sum to 10 is 4.
Closest sum to 0 is 4.
Closest sum to 6 is 4.
Closest sum to 20 is 4.
Closest sum to 17 is 4.
Closest sum to -2 is 4.
Closest sum to 2 is 4.
Closest sum to -4 is 4.
Closest sum to 2 is 4.
Closest sum to -14 is 4.
Closest sum to 5 is 4.
Closest sum to 4 is 4.
Closest sum to -5 is 4.
Closest sum to -10 is 4.
Closest sum to -17 is 4.
Closest sum to 19 is 4.
Closest sum to 12 is 4.
Closest sum to 19 is 4.
Case 80:
Closest sum to -12 is -6.
Closest sum to -18 is -6.
Closest sum to -12 is -6.
Closest sum to 9 is -6.
Closest sum to 15 is -6.
Closest sum to 0 is -6.
Closest sum to 5 is -6.
Closest sum to 16 is -6.
Closest sum to -19 is -6.
Closest sum to -18 is -6.
Closest sum to -20 is -6.
Closest sum to -7 is -6.
Closest sum to 8 is -6.
Closest sum to -2 is -6.
Closest sum to -4 is -6.
Closest sum to -5 is -6.
Closest sum to -19 is -6.
Closest sum to -3 is -6.
Closest sum to 17 is -6.
Closest sum to 18 is -6.
Closest sum to 17 is -6.
Closest sum to 14 is -6.
Closest sum to 5 is -6.
Closest sum to -16 is -6.
Closest sum to 3 is -6.
Case 81:
Closest sum to 11 is -8.
Closest sum to 8 is -8.
Closest sum to 9 is -8.
Closest sum to 12 is -8.
Closest sum to 18 is -8.
Closest sum to 16 is -8.
Closest sum to 2 is -8.
Closest sum to 3 is -8.
Closest sum to -2 is -8.
Closest sum to 8 is -8.
Closest sum to -6 is -8.
Closest sum to 12 is -8.
Closest sum to 20 is -8.
Closest sum to -17 is -8.
Closest sum to -6 is -8.
Closest sum to -6 is -8.
Closest sum to -14 is -8.
Closest sum to 17 is -8.
Closest sum to -14 is -8.
Closest sum to 11 is -8.
Closest sum to 4 is -8.
Closest sum to -9 is -8.
Closest sum to -16 is -8.
Closest sum to -10 is -8.
Closest sum to 11 is -8.
Case 82:
Closest sum to 2 is 7.
Closest sum to 19 is 7.
Closest sum to 0 is 7.
Closest sum to -12 is 7.
Closest sum to 3 is 7.
Closest sum to -3 is 7.
Closest sum to -1 is 7.
Closest sum to 13 is 7.
Closest sum to 20 is 7.
Closest sum to -20 is 7.
Closest sum to 8 is 7.
Closest sum to -14 is 7.
Closest sum to -1 is 7.
Closest sum to 7 is 7.
Closest sum to -7 is 7.
Closest sum to -19 is 7.
Closest sum to 1 is 7.
Closest sum to 6 is 7.
Closest sum to 16 is 7.
Closest sum to -5 is 7.
Closest sum to 2 is 7.
Closest sum to 16 is 7.
Closest sum to 17 is 7.
Closest sum to -17 is 7.
Closest sum to 16 is 7.
Case 83:
Closest sum to -5 is -5.
Closest sum to -10 is -5.
Closest sum to -20 is -5.
Closest sum to 10 is -5.
Closest sum to 11 is -5.
Closest sum to -20 is -5.
Closest sum to -6 is -5.
Closest sum to 15 is -5.
Closest sum to 17 is -5.
Closest sum to -3 is -5.
Closest sum to -15 is -5.
Closest sum to -15 is -5.
Closest sum to 9 is -5.
Closest sum to -8 is -5.
Closest sum to -3 is -5.
Closest sum to 4 is -5.
Closest sum to 3 is -5.
Closest sum to -1 is -5.
Closest sum to -11 is -5.
Closest sum to 3 is -5.
Closest sum to -16 is -5.
Closest sum to 10 is -5.
Closest sum to -6 is -5.
Closest sum to 16 is -5.
Closest sum to -3 is -5.
Case 84:
Closest sum to 13 is 3.
Closest sum to -16 is 3.
Closest sum to 4 is 3.
Closest sum to 10 is 3.
Closest sum to 3 is 3.
Closest sum to -9 is 3.
Closest sum to 18 is 3.
Closest sum to -14 is 3.
Closest sum to -18 is 3.
Closest sum to -9 is 3.
Closest sum to -13 is 3.
Closest sum to -20 is 3.
Closest sum to -13 is 3.
Closest sum to 7 is 3.
Closest sum to 6 is 3.
Closest sum to -13 is 3.
Closest sum to 13 is 3.
Closest sum to 1 is 3.
Closest sum to -15 is 3.
Closest sum to 15 is 3.
Closest sum to 7 is 3.
Closest sum to 13 is 3.
Closest sum to 18 is 3.
Closest sum to 4 is 3.
Closest sum to 2 is 3.
Case 85:
Closest sum to -2 is -8.
Closest sum to -5 is -8.
Closest sum to 12 is -8.
Closest sum to -9 is -8.
Closest sum to 1 is -8.
Closest sum to -9 is -8.
Closest sum to -7 is -8.
Closest sum to 14 is -8.
Closest sum to 11 is -8.
Closest sum to -10 is -8.
Closest sum to 16 is -8.
Closest sum to -18 is -8.
Closest sum to -10 is -8.
Closest sum to 14 is -8.
Closest sum to -12 is -8.
Closest sum to -8 is -8.
Closest sum to 4 is -8.
Closest sum to -12 is -8.
Closest sum to -15 is -8.
Closest sum to -18 is -8.
Closest sum to -12 is -8.
Closest sum to 20 is -8.
Closest sum to 12 is -8.
Closest sum to 5 is -8.
Closest sum to -3 is -8.
Case 86:
Closest sum to -7 is 1.
Closest sum to 16 is 1.
Closest sum to -7 is 1.
Closest sum to 16 is 1.
Closest sum to -8 is 1.
Closest sum to 2 is 1.
Closest sum to -11 is 1.
Closest sum to -12 is 1.
Closest sum to -19 is 1.
Closest sum to -11 is 1.
Closest sum to -8 is 1.
Closest sum to 12 is 1.
Closest sum to 8 is 1.
Closest sum to -6 is 1.
Closest sum to -3 is 1.
Closest sum to 9 is 1.
Closest sum to -3 is 1.
Closest sum to -9 is 1.
Closest sum to 16 is 1.
Closest sum to 1 is 1.
Closest sum to -6 is 1.
Closest sum to -20 is 1.
Closest sum to -15 is 1.
Closest sum to -14 is 1.
Closest sum to 2 is 1.
Case 87:
Closest sum to 6 is -5.
Closest sum to 18 is -5.
Closest sum to -11 is -5.
Closest sum to 6 is -5.
Closest sum to 0 is -5.
Closest sum to 4 is -5.
Closest sum to 20 is -5.
Closest sum to -7 is -5.
Closest sum to -18 is -5.
Closest sum to -15 is -5.
Closest sum to -18 is -5.
Closest sum to 12 is -5.
Closest sum to -7 is -5.
Closest sum to -5 is -5.
Closest sum to 0 is -5.
Closest sum to 20 is -5.
Closest sum to -5 is -5.
Closest sum to 17 is -5.
Closest sum to -10 is -5.
Closest sum to -10 is -5.
Closest sum to -18 is -5.
Closest sum to 18 is -5.
Closest sum to -6 is -5.
Closest sum to 10 is -5.
Closest sum to -1 is -5.
Case 88:
Closest sum to 4 is -9.
Closest sum to 20 is -9.
Closest sum to -12 is -9.
Closest sum to -9 is -9.
Closest sum to 16 is -9.
Closest sum to -9 is -9.
Closest sum to -18 is -9.
Closest sum to 11 is -9.
Closest sum to 17 is -9.
Closest sum to 1 is -9.
Closest sum to -5 is -9.
Closest sum to -20 is -9.
Closest sum to 20 is -9.
Closest sum to -19 is -9.
Closest sum to 14 is -9.
Closest sum to -6 is -9.
Closest sum to -5 is -9.
Closest sum to -7 is -9.
Closest sum to 6 is -9.
Closest sum to -8 is -9.
Closest sum to 0 is -9.
Closest sum to -4 is -9.
Closest sum to -19 is -9.
Closest sum to 3 is -9.
Closest sum to -1 is -9.
Case 89:
Closest sum to 14 is -9.
Closest sum to -13 is -9.
Closest sum to -16 is -9.
Closest sum to 2 is -9.
Closest sum to 18 is -9.
Closest sum to -14 is -9.
Closest sum to 3 is -9.
Closest sum to 12 is -9.
Closest sum to -8 is -9.
Closest sum to -5 is -9.
Closest sum to 5 is -9.
Closest sum to 14 is -9.
Closest sum to -16 is -9.
Closest sum to -7 is -9.
Closest sum to 19 is -9.
Closest sum to 18 is -9.
Closest sum to -7 is -9.
Closest sum to -3 is -9.
Closest sum to -10 is -9.
Closest sum to 15 is -9.
Closest sum to 14 is -9.
Closest sum to 20 is -9.
Closest sum to 0 is -9.
Closest sum to 11 is -9.
Closest sum to -3 is -9.
Case 90:
Closest sum to 13 is 2.
Closest sum to 9 is 2.
Closest sum to 19 is 2.
Closest sum to -17 is 2.
Closest sum to 0 is 2.
Closest sum to -11 is 2.
Closest sum to 7 is 2.
Closest sum to 19 is 2.
Closest sum to -16 is 2.
Closest sum to -4 is 2.
Closest sum to -20 is 2.
Closest sum to 9 is 2.
Closest sum to -9 is 2.
Closest sum to 3 is 2.
Closest sum to -15 is 2.
Closest sum to 9 is 2.
Closest sum to -7 is 2.
Closest sum to 1 is 2.
Closest sum to -10 is 2.
Closest sum to 19 is 2.
Closest sum to 20 is 2.
Closest sum to 19 is 2.
Closest sum to 4 is 2.
Closest sum to -11 is 2.
Closest sum to 20 is 2.
Case 91:
Closest sum to -17 is -13.
Closest sum to 4 is -13.
Closest sum to 5 is -13.
Closest sum to 6 is -13.
Closest sum to -4 is -13.
Closest sum to 7 is -13.
Closest sum to 11 is -13.
Closest sum to 13 is -13.
Closest sum to 14 is -13.
Closest sum to -3 is -13.
Closest sum to -16 is -13.
Closest sum to 5 is -13.
Closest sum to -14 is -13.
Closest sum to 1 is -13.
Closest sum to -2 is -13.
Closest sum to -10 is -13.
Closest sum to -3 is -13.
Closest sum to -4 is -13.
Closest sum to 17 is -13.
Closest sum to -10 is -13.
Closest sum to 13 is -13.
Closest sum to 6 is -13.
Closest sum to -14 is -13.
Closest sum to 4 is -13.
Closest sum to 2 is -13.
Case 92:
Closest sum to -14 is 13.
Closest sum to -2 is 13.
Closest sum to 0 is 13.
Closest sum to 11 is 13.
Closest sum to -16 is 13.
Closest sum to 20 is 13.
Closest sum to 5 is 13.
Closest sum to -14 is 13.
Closest sum to 19 is 13.
Closest sum to -7 is 13.
Closest sum to -1 is 13.
Closest sum to 5 is 13.
Closest sum to 5 is 13.
Closest sum to -12 is 13.
Closest sum to 9 is 13.
Closest sum to -16 is 13.
Closest sum to 11 is 13.
Closest sum to 9 is 13.
Closest sum to 9 is 13.
Closest sum to 3 is 13.
Closest sum to 17 is 13.
Closest sum to 11 is 13.
Closest sum to 11 is 13.
Closest sum to 6 is 13.
Closest sum to -12 is 13.
Case 93:
Closest sum to 12 is -4.
Closest sum to 20 is -4.
Closest sum to 8 is -4.
Closest sum to -3 is -4.
Closest sum to -13 is -4.
Closest sum to -7 is -4.
Closest sum to -15 is -4.
Closest sum to -14 is -4.
Closest sum to 14 is -4.
Closest sum to 18 is -4.
Closest sum to -9 is -4.
Closest sum to -11 is -4.
Closest sum to -1 is -4.
Closest sum to 16 is -4.
Closest sum to -18 is -4.
Closest sum to -20 is -4.
Closest sum to 10 is -4.
Closest sum to -12 is -4.
Closest sum to -19 is -4.
Closest sum to -6 is -4.
Closest sum to -20 is -4.
Closest sum to 16 is -4.
Closest sum to 10 is -4.
Closest sum to -6 is -4.
Closest sum to -15 is -4.
Case 94:
Closest sum to 3 is -2.
Closest sum to 11 is -2.
Closest sum to -2 is -2.
Closest sum to -8 is -2.
Closest sum to 15 is -2.
Closest sum to -13 is -2.
Closest sum to -4 is -2.
Closest sum to 5 is -2.
Closest sum to -14 is -2.
Closest sum to -4 is -2.
Closest sum to -5 is -2.
Closest sum to 7 is -2.
Closest sum to -17 is -2.
Closest sum to -7 is -2.
Closest sum to 4 is -2.
Closest sum to -10 is -2.
Closest sum to -16 is -2.
Closest sum to 5 is -2.
Closest sum to -9 is -2.
Closest sum to -11 is -2.
Closest sum to -15 is -2.
Closest sum to 1 is -2.
Closest sum to 11 is -2.
Closest sum to 20 is -2.
Closest sum to -11 is -2.
Case 95:
Closest sum to 11 is -10.
Closest sum to 16 is -10.
Closest sum to -4 is -10.
Closest sum to 9 is -10.
Closest sum to 11 is -10.
Closest sum to -7 is -10.
Closest sum to -12 is -10.
Closest sum to -19 is -10.
Closest sum to 18 is -10.
Closest sum to -5 is -10.
Closest sum to -17 is -10.
Closest sum to 0 is -10.
Closest sum to -17 is -10.
Closest sum to -2 is -10.
Closest sum to 18 is -10.
Closest sum to -17 is -10.
Closest sum to -19 is -10.
Closest sum to 6 is -10.
Closest sum to 10 is -10.
Closest sum to 15 is -10.
Closest sum to 9 is -10.
Closest sum to 18 is -10.
Closest sum to -6 is -10.
Closest sum to -2 is -10.
Closest sum to 19 is -10.
Case 96:
Closest sum to -6 is -2.
Closest sum to 13 is -2.
Closest sum to -10 is -2.
Closest sum to 19 is -2.
Closest sum to 14 is -2.
Closest sum to 11 is -2.
Closest sum to 17 is -2.
Closest sum to 4 is -2.
Closest sum to -5 is -2.
Closest sum to 2 is -2.
Closest sum to 4 is -2.
Closest sum to 10 is -2.
Closest sum to 14 is -2.
Closest sum to -7 is -2.
Closest sum to -2 is -2.
Closest sum to 2 is -2.
Closest sum to -2 is -2.
Closest sum to -3 is -2.
Closest sum to -20 is -2.
Closest sum to 0 is -2.
Closest sum to 7 is -2.
Closest sum to -7 is -2.
Closest sum to -18 is -2.
Closest sum to 10 is -2.
Closest sum to -19 is -2.
Case 97:
Closest sum to 11 is -1.
Closest sum to -3 is -1.
Closest sum to 1 is -1.
Closest sum to 18 is -1.
Closest sum to 14 is -1.
Closest sum to 17 is -1.
Closest sum to 0 is -1.
Closest sum to 17 is -1.
Closest sum to 3 is -1.
Closest sum to -3 is -1.
Closest sum to 8 is -1.
Closest sum to -11 is -1.
Closest sum to -15 is -1.
Closest sum to -10 is -1.
Closest sum to -17 is -1.
Closest sum to -9 is -1.
Closest sum to 8 is -1.
Closest sum to 6 is -1.
Closest sum to 18 is -1.
Closest sum to 14 is -1.
Closest sum to 15 is -1.
Closest sum to 10 is -1.
Closest sum to 13 is -1.
Closest sum to 1 is -1.
Closest sum to -8 is -1.
Case 98:
Closest sum to -13 is -6.
Closest sum to 17 is -6.
Closest sum to 9 is -6.
Closest sum to -9 is -6.
Closest sum to 5 is -6.
Closest sum to -20 is -6.
Closest sum to 12 is -6.
Closest sum to -12 is -6.
Closest sum to 0 is -6.
Closest sum to -7 is -6.
Closest sum to 15 is -6.
Closest sum to 2 is -6.
Closest sum to 7 is -6.
Closest sum to 20 is -6.
Closest sum to -11 is -6.
Closest sum to 13 is -6.
Closest sum to -19 is -6.
Closest sum to -5 is -6.
Closest sum to -12 is -6.
Closest sum to 18 is -6.
Closest sum to -20 is -6.
Closest sum to 9 is -6.
Closest sum to 7 is -6.
Closest sum to 12 is -6.
Closest sum to -5 is -6.
Case 99:
Closest sum to -18 is 10.
Closest sum to -19 is 10.
Closest sum to 18 is 10.
Closest sum to -14 is 10.
Closest sum to -17 is 10.
Closest sum to -2 is 10.
Closest sum to 20 is 10.
Closest sum to -9 is 10.
Closest sum to -7 is 10.
Closest sum to -17 is 10.
Closest sum to 4 is 10.
Closest sum to -2 is 10.
Closest sum to 13 is 10.
Closest sum to 2 is 10.
Closest sum to -18 is 10.
Closest sum to -1 is 10.
Closest sum to -13 is 10.
Closest sum to -1 is 10.
Closest sum to -8 is 10.
Closest sum to -9 is 10.
Closest sum to 16 is 10.
Closest sum to 11 is 10.
Closest sum to -16 is 10.
Closest sum to 8 is 10.
Closest sum to -16 is 10.
Case 100:
Closest sum to 4 is 10.
Closest sum to -11 is 10.
Closest sum to -8 is 10.
Closest sum to 4 is 10.
Closest sum to -3 is 10.
Closest sum to 1 is 10.
Closest sum to -8 is 10.
Closest sum to -14 is 10.
Closest sum to 10 is 10.
Closest sum to 13 is 10.
Closest sum to -19 is 10.
Closest sum to -2 is 10.
Closest sum to 9 is 10.
Closest sum to -17 is 10.
Closest sum to -3 is 10.
Closest sum to -17 is 10.
Closest sum to 9 is 10.
Closest sum to -20 is 10.
Closest sum to -2 is 10.
Closest sum to -10 is 10.
Closest sum to 9 is 10.
Closest sum to -8 is 10.
Closest sum to 11 is 10.
Closest sum to 16 is 10.
Closest sum to 9 is 10.
