No legal move.
Black -  2 White - 13
(5,1)
Black -  3 White - 13
(1,6) (2,6) (3,4) (3,5) (3,6)
WWWWB---
WWWBB---
WWW-----
WWW-----
--------
--------
--------
--------

(3,5) (4,6) (5,3) (6,4)
Black -  1 White -  4
(3,4) (3,6) (5,6)
--------
--------
----W---
---WW---
---BW---
--------
--------
--------

No legal move.
Black -  3 White - 12
(3,5)
WWWWB---
WWWWW---
WWB-----
WB------
--------
--------
--------
--------

(1,6) (2,6) (3,5) (4,4) (5,4) (6,3)
Black -  9 White - 11
(1,6) (2,6) (3,5) (3,6) (4,4) (4,5) (5,1) (5,4) (6,2) (6,3) (7,5)
WWWWB---
WWWBB---
WWBB----
WBB-----
-BW-----
---B----
--------
--------

(3,4) (4,3) (5,6) (6,5)
Black -  4 White -  1
(3,3) (3,5) (5,3)
Black -  3 White -  3
(2,6) (3,6) (4,6) (5,6) (6,6)
Black -  5 White -  2
(2,5) (3,3) (4,2) (5,3) (6,3)
Black -  4 White -  4
(2,3) (3,4) (3,6) (4,6) (5,3) (5,6) (6,5)
Black -  7 White -  2
(1,7) (4,2) (4,6) (5,3) (6,4) (6,6)
Black -  5 White -  5
(2,2) (2,3) (2,5) (3,4)
Black -  8 White -  3
(5,3) (7,5)
Black -  5 White -  7
(3,6) (4,6) (5,6) (6,6) (7,6)
Black -  7 White -  6
(1,1) (4,2) (5,3) (6,3) (7,7)
Black -  5 White -  9
(2,5) (3,2) (3,4) (3,6) (5,1) (5,3) (5,6) (6,6) (7,4) (8,5)
Black -  7 White -  8
(1,1) (2,3) (2,4) (5,3) (6,3) (6,4) (8,7)
Black -  6 White - 10
(2,5) (3,2) (5,1) (5,3) (6,6)
Black - 10 White -  7
(1,1) (2,3) (2,4) (3,6) (4,6) (5,6) (6,6) (8,7)
Black -  9 White -  9
(2,7) (3,2) (4,1) (4,7) (5,1) (5,3) (6,6) (6,7) (7,2)
Black - 12 White -  7
(2,3) (2,4) (3,4) (3,6) (4,6) (5,3) (7,4) (8,6) (8,7)
Black - 11 White -  9
(2,7) (3,2) (4,1) (4,6) (5,1) (5,2) (5,3) (5,7) (6,4) (6,7) (7,2) (7,3)
Black - 14 White -  7
(2,3) (2,4) (3,4) (3,6) (4,6) (5,3) (6,7) (7,7) (8,6) (8,7)
Black - 10 White - 12
(2,7) (3,2) (4,6) (4,7) (5,1) (5,2) (5,3) (5,7) (6,2) (7,3) (8,3)
Black - 15 White -  8
(1,5) (1,6) (2,3) (2,4) (3,2) (3,6) (5,2) (6,2) (6,7) (7,7) (8,6)
Black - 14 White - 10
(2,4) (2,7) (3,1) (3,7) (4,1) (4,6) (4,7) (5,1) (5,2) (5,7) (6,2) (7,2) (7,3) (8,3) (8,4)
Black - 16 White -  9
(1,4) (1,5) (1,6) (2,3) (2,4) (3,2) (5,2) (6,2) (6,7) (8,3) (8,6)
Black - 14 White - 12
(2,4) (2,7) (3,1) (3,7) (4,1) (4,6) (4,7) (5,1) (5,2) (5,7) (6,2) (7,2) (7,3) (8,2)
Black - 17 White - 10
(1,4) (1,5) (1,6) (2,3) (2,4) (3,2) (5,2) (6,2) (6,7) (7,2) (8,6) (8,7)
Black - 10 White - 18
(2,4) (2,7) (3,7) (4,1) (4,6) (4,7) (5,1) (5,2) (5,7) (6,2) (6,7) (7,7) (8,7)
Black - 14 White - 15
(1,1) (1,5) (1,6) (2,3) (2,4) (3,2) (3,7) (4,6) (5,2) (6,2) (7,2) (8,2)
Black - 10 White - 20
(2,3) (2,4) (3,2) (4,1) (4,6) (4,7) (5,2) (5,7) (6,2) (6,7) (7,7) (8,7)
Black - 14 White - 17
(1,5) (1,6) (3,2) (3,7) (4,6) (5,1) (5,2) (6,1) (7,1) (7,2) (8,2)
Black - 13 White - 19
(1,4) (1,5) (2,3) (2,4) (3,1) (3,2) (4,1) (4,6) (4,7) (5,7) (6,7) (7,7) (8,7)
Black - 15 White - 18
(2,8) (3,1) (3,2) (3,7) (3,8) (4,6) (4,7) (5,1) (5,2) (6,1) (7,1) (7,2) (8,2)
Black - 14 White - 20
(1,4) (1,5) (2,3) (2,4) (3,2) (4,7) (5,7) (6,7) (7,2) (7,7) (8,7)
Black - 16 White - 19
(1,4) (3,1) (3,2) (3,7) (3,8) (4,6) (5,1) (5,2) (6,1) (7,1)
Black - 13 White - 23
(1,8) (2,3) (2,4) (2,8) (4,6) (4,7) (4,8) (5,7) (6,7) (7,2) (7,7) (8,7)
Black - 18 White - 19
(3,1) (3,2) (5,1) (5,2) (6,1) (7,1)
Black - 16 White - 22
(1,2) (2,3) (2,4) (3,1) (3,8) (4,7) (4,8) (5,2) (5,7) (6,7) (7,2) (7,7)
Black - 21 White - 18
(2,1) (2,3) (2,4) (4,6) (5,1) (5,2) (6,1) (7,2)
Black - 20 White - 20
(1,2) (1,3) (3,8) (4,7) (4,8) (5,2) (5,7) (6,1) (6,7) (7,1) (7,2) (7,7) (8,7)
Black - 22 White - 19
(2,1) (2,3) (2,4) (7,2)
Black - 16 White - 26
(1,2) (1,3) (1,4) (2,4) (3,8) (4,6) (4,7) (4,8) (5,7) (6,1) (7,1) (7,2) (7,7) (8,7)
Black - 18 White - 25
(1,2) (1,3) (2,1) (2,4) (6,1)
Black - 17 White - 27
(1,3) (2,4) (3,8) (4,6) (4,7) (4,8) (5,7) (6,1) (7,1) (7,2) (7,7) (8,7)
Black - 19 White - 26
(2,1) (6,1)
Black - 15 White - 31
(2,4) (3,8) (4,6) (4,7) (4,8) (5,7) (7,1) (7,2) (7,7)
Black - 19 White - 28
(3,8) (4,6) (5,7) (6,1) (6,7)
Black - 18 White - 30
(2,4) (5,7) (6,1) (6,7) (7,1) (7,2) (7,7) (8,7)
Black - 24 White - 25
(2,4) (2,8) (3,8) (4,8) (6,1) (7,1)
Black - 23 White - 27
(2,4) (3,8) (5,7) (5,8) (6,7) (7,7) (8,7)
Black - 28 White - 23
(2,8) (3,8) (5,8) (6,1) (6,7) (7,1)
Black - 21 White - 31
(2,4) (2,8) (5,8) (6,7) (7,7) (8,7)
Black - 23 White - 30
(5,8) (6,1) (6,7) (6,8) (7,1) (8,1)
Black - 22 White - 32
(2,4) (6,7) (6,8) (7,7) (8,7)
Black - 27 White - 28
(6,1) (6,7) (7,1) (8,1)
Black - 23 White - 33
(2,4) (6,7) (7,1) (7,7) (8,1) (8,7)
Black - 27 White - 30
(6,7)
Black - 26 White - 32
(7,1) (7,7) (7,8) (8,1) (8,7)
Black - 29 White - 30
(7,7)
Black - 28 White - 32
(7,1) (8,1) (8,7) (8,8)
Black - 35 White - 26
(8,8)
Black - 33 White - 29
(7,1) (8,1)
Black - 36 White - 27
(7,1)
Black - 34 White - 30
No legal move.
WWBBBBBB
WWWBBBBB
WWBBBWBB
WBWBBBBB
WWWBBBBB
WWBWBWBB
WWWWWBWB
BWWWWWWW

(3,5) (4,6) (5,3) (6,4)
Black -  1 White -  4
(3,4) (3,6) (5,6)
--------
--------
----W---
---WW---
---BW---
--------
--------
--------
