EJDXCVKPRD NO
NKTUGR NO
OQIBZRAC NO
WZVUATP NO
HXKWCG NO
HHZEZROCCK NO
PDJRJWDRK NO
GZTRSJOCT NO
KSHJFGF NO
T YES
IOPVUWZLCK NO
DPSUKGHAXI NO
WH YES
ZFKNBD NO
WHB NO
URTVCADUGT NO
DMCLDBTAGF NO
PG NO
V YES
R YES
FWVGYBZVFF NO
QIDTOV NO
APV NO
SQJULMV NO
ERWAO NO
KX NO
R NO
EHYPL NO
JVLSUTEWJM NO
UCATGWK NO
QPRTYABP NO
JOBZZN NO
RUCX NO
AMV NO
KAGAWYA NO
TDGDTUGJI NO
DPM NO
AI NO
ZZDIEUQU NO
DEIABB NO
E NO
IKK NO
WCKYTB NO
I YES
ESJ NO
MREJDP NO
BJFQ NO
JM NO
JNDDRP NO
KZZKDPDW NO
RQJOPZS NO
NCLH NO
SYFNG NO
DCWAQO NO
DPMI NO
UBZG NO
EDGOMLREDT NO
ESMUVNQP NO
PPUVGR NO
HAKWXKKBQE NO
ZEU NO
LQMQQBSC NO
YTCXNYGJR NO
NPZMTSHZAV NO
X NO
JQS NO
KCPIJ NO
MZMBFUE NO
JXKB NO
P YES
EUKDWRULGM NO
DBTWOTUK NO
VW YES
JZEMZJXVZD NO
ZGBZMOLYG NO
LZUCBBPI NO
Q NO
SGHCYUYQWQ NO
QJDENSN NO
DN NO
FAHLCT NO
GAG NO
XA YES
LWATH NO
FOD NO
LWIEAGLK NO
JJRUKFSC NO
RS NO
FMEEZ NO
KQHH NO
CHOULU NO
BMNANXKOG NO
JPCFZD NO
DRTWE NO
MFYNNFHO NO
QELOUU NO
PY NO
JAWO NO
OAGJDYUJRT NO
NWY NO
LJYVG NO
CBCZIJRKDQ NO
YFCN NO
JQESQ NO
RDNU NO
MXYZIJOLS NO
FDW NO
MM YES
OERVJLUPXN NO
PPWQ NO
L YES
D NO
AIUWJXHEYS NO
GDNOW NO
MFKNUV NO
EOWEQKE NO
FOLZ NO
NZPMXHZ NO
OGSW NO
M YES
VURXNSOPI NO
GKIBBBFL NO
J YES
E NO
ZN NO
TMRH NO
GKTDTCZK NO
ROKIAQ NO
G NO
CGQLGG NO
OODCCHDY NO
NGO NO
CNRYMBFHPH NO
ILK NO
DRJTRZG NO
YOQTO NO
UIIHADTZW NO
FX NO
HGJXVAX NO
QNBDMUIDX NO
R YES
KLSUAZEME NO
QCE NO
ZYPS NO
HXEH NO
LTSEUPD NO
AQTLPOJAHR NO
VPZ NO
RKWCIETM NO
KZJM NO
LAP NO
A YES
BAHU NO
CBLVNE NO
ONEL NO
FUKXZ NO
MANIRRZ NO
YBSDNMFA NO
ETVQXWECK NO
FHAZ NO
U YES
P NO
LJ NO
OHQ NO
FXYMKI NO
MAJQJRPB NO
SRIVBOMXD NO
LPBAIXB NO
VVSWY NO
VYGYQ NO
LJUJKP NO
TNFAZES NO
O NO
KAX NO
VVYIXTGC NO
NIFQFCVUF NO
DQUZRTMYNI NO
JANYW NO
IRQRK NO
GWZNZE NO
ULUW NO
AXXHSHIF NO
CSOHXWO NO
ZZWDGFOCN NO
IINYYLT NO
CJAPAY NO
GYMMN NO
WBSOLSE NO
WIKAMPQEBC NO
LLACGWDVRP NO
X NO
BRWXWUMFL NO
CCRFIGZIKW NO
ZIQOE NO
REBUSFUQ NO
Y YES
CGUZOT NO
ZOQF NO
UEPYRB NO
CQKAYCDNT NO
BTYZWFL NO
NB NO
LTTYIVJS NO
NFAOZIGM NO
LD NO
AL YES
F YES
TWUAKOZ NO
XWPPCBRMZ NO
AUQDC NO
KAPUVMBHHU NO
KFHLH NO
NOL NO
EMSYAFSAVM NO
EAA NO
QABBYD NO
TEYEVZMZAN NO
SVKWHEL NO
GRMCENSVL NO
NN NO
ZMUDRB NO
WMA NO
XMNDWOT NO
FFKPNFSJ NO
DLLEULYPU NO
YBGIFXSKJ NO
UBJRNBV NO
IMXGLEE NO
TL YES
ANS NO
WZKVD NO
YIFKUQK NO
WEMXXRJHM NO
MPQJNN NO
VE NO
AST NO
DWYUWGTUT NO
DIWXTFMCZ NO
A YES
LX NO
TVGOWVM NO
ASEMF NO
SBMZCUSM NO
HQOBPT NO
IQ NO
RUMPIFHR NO
FJTEOC NO
PM NO
NRCIPHDJEL NO
EV NO
HPJI NO
APLQ NO
CCJSNH NO
MYEHJG NO
VZLJMTEY NO
ML NO
PHUWLULNI NO
MYYWJD NO
JDOELHXF NO
PHDVMM NO
N YES
IG NO
FDFZWL NO
H YES
A YES
RAEDTTG NO
XO NO
AQTN NO
RF NO
HNMP NO
IA YES
TYV NO
MGS NO
GNQQDR NO
WP NO
QO YES
FORKENIM NO
SQ NO
HOHLPY NO
AOXARMY NO
BE NO
BKTZFY NO
MVGNPGFM NO
Z NO
YVQGXK NO
QRW NO
SNEUWTPVSG NO
OBHPTKRXGA NO
B NO
HOV NO
OCEHYD NO
MOW YES
GLWBAMGCN NO
SZNRGUAVEQ NO
JMRRCCTX NO
YAGNTYLJ NO
XA NO
TASQ NO
EOIDSO NO
HMMXQ NO
ADW NO
HBUIIMD NO
JLTZUG NO
RBKQRAFPA NO
KELDT NO
NZYCISDQC NO
EPBQZHLDRW NO
FWVH NO
GTWXOLF NO
XLRGG NO
GQRLO NO
NQ NO
NDCSOKFJH NO
VWJBAAU NO
CVKKR NO
BZWHW NO
EITBZMNIS NO
IKZR NO
OWDNLFQB NO
WZPM NO
LGHEHZJZE NO
RIR NO
F YES
XNWF NO
YRES NO
XHQ NO
ZZWXA NO
ZGBNFMQM NO
MRQP NO
EC YES
Q NO
WO NO
OWYY NO
TUQ NO
ATELV NO
LJQUWI NO
APZ NO
TMKP NO
OEPJZ NO
LUTMMS NO
INJOUQ NO
Z YES
IOWC NO
G YES
DIZAGFTFVL NO
ZIAVVAATFJ NO
MPXL NO
CSNZDW NO
Y YES
ATR NO
QCN NO
KUUTG NO
K YES
KVX NO
PPTKI NO
OZ NO
DQI NO
WMTONVFTN NO
VVY NO
SY NO
DNM NO
AKUECWMU NO
XHBGNABTZM NO
RXW NO
NMRBX NO
REREUGSF NO
SP NO
IIGMV NO
U YES
Q YES
OKVPP NO
QCCKOMYMR NO
RNQCHEUM NO
KECEEBMUS NO
VC NO
ISJLVXPMS NO
XVTOQL NO
YQBX NO
ZLKZQAH NO
CPDLNYTHRA NO
VZZXFB NO
QVFMWJVS NO
GAWOTTVF NO
OKSKNSYUEQ NO
MHLMJHG NO
HRSLO NO
TKTU NO
KHE NO
RFRWW NO
DOPGWFTLTH NO
JWPNKVXWW NO
BDBKFYI NO
XROJRNPLHV NO
XC NO
QA NO
QKXTDSHABZ NO
XJ NO
SM NO
YST NO
GIJFFSHEE NO
CXWTW NO
ZTXHA NO
GXS NO
N YES
EPR NO
Q NO
HVFOKV NO
HUUXIVWG NO
LP NO
LRSJG NO
OKMQB NO
MXXMRE NO
SEUBJTOQY NO
NGOGMCDRMD NO
VOXUFBGHH NO
TM NO
CRGQGGP NO
GD NO
ETGRSQUTN NO
MUIVZPUUTZ NO
KXXVWJV NO
TD NO
LTTUCHEN NO
APJE NO
ULXVEDQKK NO
LZ NO
GJQW NO
UXXMMBE NO
CJUVEQGT NO
LESESNIX NO
COIXSIWRZM NO
HUD YES
XYQFPUUHAH NO
WTV NO
UEY NO
TFCDIDITOS NO
SNBWC NO
OBL NO
IUNMAJ NO
GYCS NO
UUIHZUIY NO
CLEOA NO
UOBUYYJ NO
TYNOTSXQG NO
AID NO
WIGPPIQ NO
ETPIFWA NO
KIWW NO
VA NO
JKTXGKN NO
Z YES
WMUPHMUXD NO
BVJTFJI NO
DRVVKAEAC NO
YKOGHL NO
OIRFOMADAD NO
XGJRDQ NO
CDRTJ NO
H YES
VF YES
OUTQ NO
LFNUZASNT NO
JLQK NO
UYXOXWIL NO
YFFHO NO
UALPTZ NO
VHADO NO
FGMWTKREB NO
NOZOLAGS NO
CPEV NO
OWQWJCB NO
LM NO
MZUWYUY NO
JPMR NO
U NO
UJVPEMV NO
MWYSXTJ NO
RLJNSUYF NO
BNOOJC NO
KHMA NO
RBFPF NO
VD NO
XJXZJJMB NO
IKYOCBYUWJ NO
OUJR NO
MCNB NO
Z NO
LA NO
JBABT NO
E YES
PW NO
QXFRDELX NO
QECUQBX NO
HDXZMLQKR NO
RMJHSWCETM NO
XJLQLA NO
A YES
IXV NO
UEFD NO
XPVEIIEB NO
