Player Name          Place     RD1  RD2  RD3  RD4  TOTAL     Money Won
-----------------------------------------------------------------------
P 99                 1         21   25   17   19   82        $  1828.36
P109                 2         20   16   30   19   85        $  1828.36
P 61                 3T        34   20   15   49   118       $  1994.58
P133                 3T        36   45   24   13   118       $  1994.58
P101                 5         48   52   19   21   140       $  3490.51
P 82*                6         61   42   34   13   150
P 29*                7         30   24   45   63   162
P107*                8         69   17   38   39   163
P 14                 9         36   10   75   43   164       $  3490.51
P 33                 10        44   48   20   53   165       $  2659.43
P 69                 11        42   31   74   20   167       $  3490.51
P 19*                12        41   14   93   21   169
P131                 13        25   76   49   22   172       $  1662.15
P 65                 14        77   45   21   30   173       $  1662.15
P 85                 15        87   38   27   23   175       $  2160.79
P134*                16        26   11   93   49   179
P 92*                17        12   67   70   34   183
P 45                 18        14   63   52   56   185       $  1994.58
P 96*                18        69   32   74   10   185
P 12                 20        80   26   11   72   189       $  2493.22
P 95                 21        26   89   26   49   190       $  2493.22
P 24                 22        75   46   40   30   191       $  2659.43
P102*                23        16   19   95   62   192
P 81*                24        67   14   92   22   195
P 41                 25        57   40   55   46   198       $  1994.58
P135*                26        64   21   40   74   199
P 18*                27        17   83   17   90   207
P 51*                27        54   38   83   32   207
P117*                29        25   68   78   37   208
P 21*                30        23   45   83   60   211
P 68                 30        32   23   74   82   211       $  3158.08
P 60                 32        66   41   66   39   212       $  2825.65
P119                 33        70   55   62   26   213       $  2327.01
P 46                 34        52   20   83   62   217       $   997.29
P 78*                34        90   10   76   41   217
P115*                34        17   79   22   99   217
P136*                34        56   31   54   76   217
P 93                 38        31   17   97   74   219       $  2493.22
P 53                 39        28   79   89   27   223       $  1828.36
P 25                 40        26   73   92   37   228       $  2327.01
P 48                 41        18   56   64   92   230       $  2493.22
P 88                 42        55   34   80   65   234       $  2659.43
P  6                 43T       98   10   89   38   235       $  2742.54
P 39                 43T       35   62   81   57   235       $  2742.54
P 16                 45        10   82   83   61   236       $  2493.22
P 15*                46        51   52   89   46   238
P 43                 47        51   12   88   89   240       $  2160.79
P 22*                48        46   79   99   18   242
P 64                 49        56   29   87   72   244       $  2659.43
P128                 50        64   51   40   91   246       $  3656.72
P 31*                51        49   37   91   70   247
P 74                 52        53   23   99   90   265       $  1828.36
P 59                 53        99   21   62   89   271       $  2327.01
P 62                 54        26   69   95   86   276       $  3656.72
P 91                 55        12   96   74   95   277       $  1163.50
P 72                 56        10   94   96   82   282       $  2493.22
P110                 57        50   44   98   95   287       $  1994.58
P 17                           42   25   28        DQ
P 87*                          15   40   42        DQ
P124*                          70   19   37        DQ
P 30*                          69   49   20        DQ
P130                           34   72   60        DQ
P111*                          26   54   93        DQ
P 34                           64   61   51        DQ
P 63*                          14   84   99        DQ
P116*                          43   77   86        DQ
P104                           17   26             DQ
P 77                           20   43             DQ
P 79                           15   51             DQ
P 94*                          43   27             DQ
P  8                           53   57             DQ
P 38*                          74   51             DQ
