Player Name          Place     RD1  RD2  RD3  RD4  TOTAL     Money Won
-----------------------------------------------------------------------
P  1                 1         10   10   10   10   40        $ 15096.65
P  2                 2         11   11   11   11   44        $  6862.11
P  3                 3         12   12   12   12   48        $  6862.11
P  4                 4         13   13   13   13   52        $ 13038.02
P  5                 5         14   14   14   14   56        $ 10293.17
P  6                 6         15   15   15   15   60        $  8234.54
P  7                 7         16   16   16   16   64        $  8234.54
P  8                 8         17   17   17   17   68        $  6175.90
P  9                 9         18   18   18   18   72        $  7548.32
P 10                 10        19   19   19   19   76        $ 16469.07
P 11                 11        20   20   20   20   80        $  8920.75
P 12                 12        21   21   21   21   84        $ 13724.23
P 13                 13        22   22   22   22   88        $ 12351.80
P 14                 14        23   23   23   23   92        $ 10979.38
P 15                 15        24   24   24   24   96        $ 10293.17
P 16                 16        25   25   25   25   100       $ 13038.02
P 17                 17        26   26   26   26   104       $  7548.32
P 18                 18        27   27   27   27   108       $  5489.69
P 19                 19        28   28   28   28   112       $  6175.90
P 20                 20        29   29   29   29   116       $  6175.90
P 21                 21        30   30   30   30   120       $ 12351.80
P 22                 22        31   31   31   31   124       $ 13724.23
P 23                 23        32   32   32   32   128       $  6862.11
P 24                 24        33   33   33   33   132       $  6862.11
P 25                 25        34   34   34   34   136       $  6175.90
P 26                 26        35   35   35   35   140       $ 15096.65
P 27                 27        36   36   36   36   144       $  8920.75
P 28                 28        37   37   37   37   148       $  7548.32
P 29                 29        38   38   38   38   152       $ 10293.17
P 30                 30        39   39   39   39   156       $  8920.75
P 31                 31        40   40   40   40   160       $  9606.96
P 32                 32        41   41   41   41   164       $ 10293.17
P 33                 33        42   42   42   42   168       $  6862.11
P 34                 34        43   43   43   43   172       $  7548.32
P 35                 35        44   44   44   44   176       $ 10293.17
P 36                 36        45   45   45   45   180       $  8920.75
P 37                 37        46   46   46   46   184       $  6862.11
P 38                 38        47   47   47   47   188       $ 12351.80
P 39                 39        48   48   48   48   192       $  8234.54
P 40                 40        49   49   49   49   196       $  9606.96
P 41                 41        49   49   49   50   197       $ 10979.38
P 42                 42        49   49   49   51   198       $ 11665.59
P 43                 43        49   49   49   52   199       $ 12351.80
P 44                 44        49   49   49   53   200       $ 10293.17
P 45                 45        49   49   49   54   201       $  7548.32
P 46                 46        49   49   49   55   202       $  9606.96
P 47                 47        49   49   49   56   203       $  8920.75
P 48                 48        49   49   49   57   204       $ 10293.17
P 49                 49        49   49   49   58   205       $  7548.32
P 50                 50        49   49   49   59   206       $  6862.11
P 51                 51        49   49   49   60   207       $ 11665.59
P 52                 52        49   49   49   61   208       $ 12351.80
P 53                 53        49   49   49   62   209       $  8920.75
P 54                 54        49   49   49   63   210       $  8920.75
P 55                 55        49   49   49   64   211       $  7548.32
P 56                 56        49   49   49   65   212       $  7548.32
P 57                 57        49   49   49   66   213       $  6175.90
P 58                 58        49   49   49   67   214       $ 11665.59
P 59                 59        49   49   49   68   215       $ 11665.59
P 60                 60        49   49   49   69   216       $ 11665.59
P 61                 61        49   49   49   70   217       $  9606.96
P 62                 62        49   49   49   71   218       $  9606.96
P 63                 63        49   49   49   72   219       $ 10293.17
P 64                 64        49   49   49   73   220       $ 10979.38
P 65                 65        49   49   49   74   221       $ 10293.17
P 66                 66        49   49   49   75   222       $ 13038.02
P 67                 67        49   49   49   76   223       $  8234.54
P 68                 68        49   49   49   77   224       $ 14410.44
P 69                 69        49   49   49   78   225       $ 10293.17
P 70                 70T       49   49   49   79   226       $  7205.22
P 71                 70T       49   49   49   79   226       $  7205.22
P 72                 72        49   49   49   80   227
P 73                 72        49   49   49   80   227
P 74                 74        49   49   49   81   228
P 75                 75        49   49   49   82   229
P 76                 76        49   49   49   83   230
P 77                 76        49   49   49   83   230
P 78                 78        49   49   49   84   231
P 79                 78        49   49   49   84   231
P 80                 78        49   49   49   84   231
