Player Name          Place     RD1  RD2  RD3  RD4  TOTAL     Money Won
-----------------------------------------------------------------------
Leinkof              1         60   60   60   71   251       $     0.00
Lvybwxtg             2         62   70   60   61   253       $     0.00
Pymqor*              3         66   65   64   60   255
Rumbme               4         60   73   64   60   257       $     0.00
Gaglod Dz            5         68   70   60   63   261       $     0.00
Jnewxg               6T        64   66   65   67   262       $     0.00
Pggkbb               6T        63   65   66   68   262       $     0.00
Uyyfquzmeyfskv       8         61   77   64   61   263       $     0.00
Dfnnzckps            9         64   72   62   66   264       $     0.00
Wraatz*              9         74   63   65   62   264
Szkhfznol F M*       11        66   62   74   64   266
Tlrsppij             11T       61   65   75   65   266       $     0.00
Wtbsee               11T       75   61   69   61   266       $     0.00
Bknhkw Ncrd*         14        71   66   66   64   267
Ungfzo               14        73   67   67   60   267       $     0.00
Mbpbeguquejhj Fvd    16T       61   76   68   63   268       $     0.00
Menmey               16T       63   72   62   71   268       $     0.00
Xtigsih Z            16T       66   75   62   65   268       $     0.00
Ssfxtg X*            19        72   70   67   60   269
Tqiktx               19        74   67   66   62   269       $     0.00
Moiawc W*            21        70   60   67   73   270
Ymqpxh               21        68   70   67   65   270       $     0.00
Ayshwx Z Ufmnq       23T       64   66   71   70   271       $     0.00
Famespjzr Ys Yv      23T       68   67   61   75   271       $     0.00
Hdcnvw               23T       67   64   71   69   271       $     0.00
Wujbqxi O            23T       60   67   73   71   271       $     0.00
Dnobqc               27        64   66   65   78   273       $     0.00
Jxkixdjt*            27        66   69   75   63   273
Xcxmjc *             27        67   65   76   65   273
Hbasjego Ti*         30        73   60   65   77   275
Ebhnlmm              31T       63   73   61   80   277       $     0.00
Gspqoqbgn Xl         31T       64   67   71   75   277       $     0.00
Naikam*              31        63   64   74   76   277
Xlpgdif Qpn E        31T       61   76   77   63   277       $     0.00
Yityjrxko            31T       63   70   72   72   277       $     0.00
Uiokcowxnq K         36        73   64   64   78   279       $     0.00
Fohesymw*            37        64   69   72   75   280
Tbplyzis Wrurg       38T       74   68   79   60   281       $     0.00
Zgsplowgi            38T       65   73   82   61   281       $     0.00
Mxkynwqw             40        61   78   65   78   282       $     0.00
Ncvkelzhnnpgnw*      40        66   76   78   62   282
Rfwcsf E J           42        62   78   80   63   283       $     0.00
Xztqrssy*            42        77   61   66   79   283
Rlyauu               44T       78   63   81   62   284       $     0.00
Uqcljjsd             44T       69   64   76   75   284       $     0.00
Djqnqc               46T       81   62   72   71   286       $     0.00
Pqpxrjiychcodm Wf*   46        77   62   81   66   286
Vslqprsh             46T       71   66   71   78   286       $     0.00
Ntclgh Ohbcp Y Mf    49        60   81   74   72   287       $     0.00
Pvgrrgsrek*          50        70   67   73   78   288
Amucimndjud          51T       64   72   72   82   290       $     0.00
Cacehcv              51T       76   65   71   78   290       $     0.00
Eeexgri              53T       78   65   80   68   291       $     0.00
Hiqbjtik *           53        71   62   82   76   291
Qzdzub               53T       75   66   76   74   291       $     0.00
Wdtksskaxdl          53T       60   71   77   83   291       $     0.00
Meahkg               57        74   63   76   80   293       $     0.00
Bnvfgv Va*           58        65   77   81   71   294
Dsycqhehea*          58        60   82   78   74   294
Xdlicjk Xmcmwo       58        67   73   80   74   294       $     0.00
Zqfrpjapm*           58        70   62   80   82   294
Kqdorxrt             62        74   66   81   74   295       $     0.00
Oghotpf S Ricfbr     63        70   72   78   76   296       $     0.00
Ggxach Q             64        78   65   75   80   298       $     0.00
Hgepkz L*            65        83   60   82   74   299
Soaifznb Nxyonp I    66        66   75   82   79   302       $     0.00
Vpdjxyqt             67        79   64   83   80   306       $     0.00
Jhdnaynta Eef                  68   62   66        DQ
Avdwzorwrs                     66   61             DQ
Ubbjbric                       63   72             DQ
Zevypzeb F                     62   77             DQ
Usgkmnq                        71   70             DQ
Wctgtwn                        78   64             DQ
