Player Name          Place     RD1  RD2  RD3  RD4  TOTAL     Money Won
-----------------------------------------------------------------------
P 58                 1         42   28   13   14   97        $  7055.22
P  9                 2         31   17   41   30   119       $  4455.93
P 60*                3         60   26   20   18   124
P133*                4         36   42   47   16   141
P 45*                5         12   43   29   58   142
P 83                 6         12   23   71   38   144       $  5198.58
P 32                 7         78   42   11   16   147       $  7797.88
P 13                 8         14   45   74   18   151       $  5198.58
P106                 9         56   42   20   36   154       $  4827.26
P 82                 10        75   27   24   29   155       $  5569.91
P 86                 11T       36   22   31   70   159       $  5012.92
P101                 11T       35   79   27   18   159       $  5012.92
P103                 13        77   45   10   30   162       $  5198.58
P 90*                14        44   29   58   33   164
P 23                 15        15   29   48   73   165       $  2599.29
P105                 16        37   23   37   71   168       $  5198.58
P 67                 17        57   64   11   37   169       $  5198.58
P 54                 18        13   59   62   37   171       $  2599.29
P 95                 19        22   38   55   58   173       $  8169.21
P 18*                20        74   39   31   31   175
P 91                 21        59   12   65   42   178       $  5941.24
P125                 22        14   34   41   90   179       $  4084.60
P 81                 23T       45   54   55   28   182       $  4455.93
P130                 23T       36   35   42   69   182       $  4455.93
P 97                 25T       63   12   72   36   183       $  5384.25
P110                 25T       67   22   76   18   183       $  5384.25
P 41                 27        98   21   45   24   188       $  7055.22
P 52*                28        25   85   37   46   193
P 99                 29        48   68   26   52   194       $  5198.58
P 48                 30        70   10   52   63   195       $  4084.60
P 87                 31T       20   73   95   10   198       $  6683.89
P123                 31T       18   17   80   83   198       $  6683.89
P 42                 33T       44   21   95   43   203       $  5755.58
P 73                 33T       26   80   58   39   203       $  5755.58
P 36                 35        59   18   30   99   206       $  7426.55
P 77*                36        22   12   79   97   210
P 88                 36        24   84   51   51   210       $  3713.28
P 39*                38        32   33   49   99   213
P115*                39        74   44   79   17   214
P129                 39        14   95   84   21   214       $  4827.26
P 74*                41        44   73   87   11   215
P132*                42        32   86   50   51   219
P 46                 43        69   13   68   73   223       $  4827.26
P 47*                44        43   48   39   97   227
P 78*                44        18   95   66   48   227
P119*                46        60   29   90   55   234
P134                 47        39   70   74   54   237       $  5941.24
P 92                 48        26   86   55   71   238       $  6312.57
P121                 49        73   49   62   57   241       $  4084.60
P 65                 50        78   42   99   25   244       $  4827.26
P 34                 51T       89   27   91   39   246       $  5941.24
P118                 51T       89   11   97   49   246       $  5941.24
P 62                 53T       73   48   75   51   247       $  6683.90
P 70                 53T       14   94   96   43   247       $  6683.90
P137*                55        41   35   76   97   249
P 35                 56        40   56   71   96   263       $  3341.95
P  4                           66   15   13        DQ
P 57*                          19   11   88        DQ
P 37                           21   45   53        DQ
P 19                           39   29   53        DQ
P144                           48   11   73        DQ
P104                           15   95   32        DQ
P124                           29   65   69        DQ
P 33                           47   69   60        DQ
P113                           15   54             DQ
P 31*                          13   63             DQ
P126                           17   63             DQ
P 89                           47   38             DQ
P 44                           69   21             DQ
P 17*                          60   44             DQ
