15
465
10590
213090
4009965
72353715
1268369340
21771494340
367761728715
6134265634965
101281580088090
1658237634775590
26958773523447465
435659737878916215
7004068093591806840
112098601784998056840
1787042732491785166215
28389096573128992197465
449588282383218103525590
7100101742542519861338090
111845688740051522546884965
1757847770129478707605478715
27570153137372768655115244340
431588845842050350442224619340
6744380919352637565865808603715
105223937266117798126473718759965
1639232411129190491474404626963090
25501586448999210165775552087900590
396220300965908444391525521570322465
6148752077952431044446266427332041215
95312994621243531345294750466638681840
1475920621098008955358432567849451181840
22832194843160474108061658180489832041215
352883705547762208286202417648568445322465
5449267326721759574272199438846841150400590
84079186053406290363770439194477334314463090
1296290433089792806701868302093780770593759965
19970896130677368869207700244056022897058603715
307461536475117684568310639350580013528162119340
4730394464851122541477586625604795254006677744340
72732988238632197216457704914263354576363855478715
1117650892567463344661274156666821705139413171884965
17164604423331655966135241094295396374500527673838090
263466681872270426435270547578827007578647866541025590
4041964460918490200677687181148346043096817269617197465
61978930406293860072394742229214304587708748116785166215
949925908482155507019362651118051277934478557839685556840
14552517913048546694292062531968319805799888408913904306840
222842207982971411749405279457488056638738976753487878916215
3410949709053219346266444314031769742857194410599007898447465
52188994475428012744377141543018279541999562548435464197275590
798206149725866029421364275633400194117118134068287148767588090
12203660734804678015156071421822892926563642448650635018640634965
186513438355820483834875180637171744120557693294154442086511728715
2849579485343561961636139349205001415139911247878240383401208994340
43521860930247249986237264832786400027071856445162462032571130869340
664500443705116058218986591412466682405675662582269774711861902353715
10142594601847850499666213154997060466079102177306539284027352625009965
154765238221784401890714411582106810441096041238185479210651650720713090
2360873361237765694296534387588865708365083247251593037413395180994150590
36004022237231480403485289021691938901705888138956058300005234017664072465
548924160838447130887838433443263382669032913537073315582143104806238291215
8366819821776330835850962973417215227187162574847086349963115490212732431840
127496658464639320625765241677782195715082471699571094492911266124978357431840
1942365294039505180706490581314592445335362571646538406045636998451485925791215
29584210666641308280397538061936779324167321016992655920464075075424447351572465
450494128840350582752965761062320079524563051889308536253653927611149087244150590
6858376465216223119499526767933827037799244327855908505505200936363971963220713090
104390114967407812465568506798992793240950643160582834508083894378410614266687509965
1588568744348584172079661681184672713723689321049905621503846620670424736275964853715
24169286462790767357636936405766802932496784920366030880796522384970353878274255869340
367650626405291582011184213906452727387073450374752161585530181898265050686135583994340
5591429338030824804867215725896051161800426904160207899386687920329621897972359949228715
85021489199734138193500023647929671191921280790487000624856346682779020534790292078134965
1292573074935088564709877171111278624352542370278563241383685618409205688999927773767588090
19647357178112475847758809812554182712393982930497322100917890548650891049670017495447275590
298591773482979348373041930876587790892497454602242933716207452317455451465116775765710947465
4537097839414073385445525718472942616486277478705390538779698196077213057777749336495691416215
68929786148751848179431337106956025543776397075657056077244269110888915153681205547585779306840
1047046570594388933657696826552268677603879479560998811091895979209294516610442565716042810556840
15902195234362502169358853947502954580766695044807126715376918826328829588735005723274483972666215
241480378647137555007783832450828184962127968442989068965630969467773621424700594412124886804697465
3666417431682563662127772835336680768191332668208068558009122348109221985275641544626987710291025590
55659437754870959987081822758664081429261187146569516223006702313027594737711612596081531777673838090
844839210517551975633705794809169270034785764050270061138148541066252895444329030341373718514734384965
12821802820680593271917763723575659779459805813529960683967948211556378047344758076122866905465417978715
194565262253968603639949107875206707625967377494588056762955024606784439945368710456876920498147302744340
2952052232965924623016976398451677778400565016793400548995862390603348137708490746578662561214700037119340
44784382981834802871520742681628824136174290567519703698210991181573945143546762544562569724357857996103715
679319737037711045966802590797237223945101588247075987422260697561465023321992458356678015457428231531259965
10303105940218500732911910620550631287713832269720346290570347910989813042361752178173762275742328896814463090
156246237373070036644826735687140563243767110736018291547101780378364761023404262214960314794348514809900400590
2369188284642938434439622180990324857577401061393470831034725131378234896170733626359712931788431442513757822465
35920245130347394788102649900103118997474431926200009332943853356214975654856049792425317124924527443185144541215
544539989865760695894164506280270476969317718972469343005502446126346418007266427841824104095338748729958826181840
8254144541644657049501838960884912534647784385779078190252706378642023017875381631959026769752143787182107263681840
125102838529543554908868154913486518721337044804566743531343140980832746484626502694360379671113095151222482019541215
1895902634016258811128130881205490241344359857336709713133435294230527215516834213640030366939160502420700326257822465
28728940351340464479348591580630240528029960639073774099450852106228448506464063302969825582174368663595951333337900590
435290117886555701876628299147671911538417851271453537528502621984984831702634201020087934903919946863220966592126963090
6594691957545066548445415868788353227345794394352006953478636935648144037124611787434427291128365456587539947762781259965
99900482201876963531121108755424416724229815294483162660446018122822733980645658393513033380468975653401480949654871103715
1513208775608668932533414692185353025574090720105293315280687233163849611066332099632644860910187041869847940243020349619340
22918654772837751181500191295590097004271013161900087859820262917280373186344689850438913316700091734080104993618264490244340
347087668673182025624987433125998479373959982833311639856453260056545033100415973095822305796210667601687363253868356042978715
5255932736306966752912079952272182555257821523571829427234038645308267026084923976525913677628799387882597274051941170984384965
79583256637743046821740226114815818798593649569659763849319175846525378334954125349217391524716581426098261489437855019861338090
1204912833463223885246988794183233489024799644286131294351916580201401269179515865758191168275017580509363458021448887124353525590
18241152260404531022518112949663445441060418175410491964460682840573827950020797769171821955189296594408794905519949234261804697465
276129180282910556494970909798675828201232625297935217704639254671899552935232863279561645793799942217657069110772477424874597666215
4179616149896297214782551880285999621798384669470695839135524001027875299302306400323189433896406532787733219581185745037331873056840
63259418933234041232108101703877927308674199392085451190521887729658859568641797771794312713287208984659156037511764930523171716806840
957368934270354363637168878051987904355589431131656971910163731658493844716234993081111758771924799662534706719586155282295480066416215
14487698768132971631890743458187103486215988070730482639437487210581571938542645293779632402668121968327731093147437549101150765710947465
219222952833159417138359306183915826106472020117291660503337776694286043095126485370138826356360579125761623782516241534518039956384775590
3316956362164863896975361907425376498795563287604391221226698678447727606681699370003747500090489930899109217517313797487782276406580088090
50183526477485048053130013331380234089910694101741113023549960597217468504047521891831189072533567623676911174453259579366909302010828134965
759190612837457064774443970770697310468319083341245365930491615265785343618043298504092484655646794258007761292202182946256266868844324228715
11484424927689576131279066123560366643819666327345610547616007323599629895130606529460756998349351112412927824514082083030133413112893396494340
173714859942259444364122090283404104459218196068588109094119606273187194539858453720401900902960004664336088444676971327996342347896828943369340
2627450189537628701385872830701040638917120958404880899609986540385699109791367142483386702460196139637173892824640671158110252486503854089853715
39737662199120486059648714607265295664189534636714102442122684800103854522272862187411173370639883139639596884686901585944130546318329110437509965
600953573327648123977640051310224726169333823460324870851433572416333335965128258563573193065652362770823780655062896567749109580086506142908213090
9087633205027334355908240752672050260637369410549073076065403092466632811442453764739681783575597176705804120597334040195043914480971134438806650590
137414442152099202782278211035360944431020972037899096340389538980323983751119754765386485067496133677738772970530869478107767778909670151009851572465
2077715793431825853388992161709617024287221043763431448096970473604727129959040545895166150720374645573357261981525925299348152609071599281564050791215
31413224318732454975657167368332298231636912604375646766321467937568917554769271554643025381424609289709493941076332126406196828017472194469704919931840
474910676039812832257191784665305116484482643284497327167825681566003922402294023812878377530653983437279434286446630599832570503483055995739236169931840
7179344809479582598192890882084386392416173962550399292612440161027111222245734614591670615099082412933746891851224189553582828800560436116493478113291215
108525442175429590687918574912837940563476624137500080165612426478462454126855883079852483508575326114624534041086233801645156500733125484453476205164072465
1640410683129981636044156798916151278610659582551162564130573758122773598800386204112448616859966240528642970566061571399798558541867666407393253579431650590
24794096004427791176543024612096001731537547045597358886654416786029155785469012430406649716369538840068768957737444536623796543591076758219765461221033213090
374730476428587867186355458606746014258728005293909189670253408003250613833983476986898552697593761083118400354759482533759220635812077804929481781258875009965
5663242691861383000868483220480780038165892073557869940610358463240958363288976512765460394744666593478078995151859455272422396766370063548437224663033777353715
85582923559409219909124518427905547936762961015606530542503737096497362786023013060911637485381401560640729774734900088076847259933384400343983339107766443369340
1293258101113465422078326828228990929515563113917675179637781458665705251840670676455120535743892063286654119332878625206010378525568267711921124624050393396494340
19541585232536888182796788200590979599695227189018786017070102913259250928364942354948497638105946547455459380671006236363020722282036541280237487422264352136728715
295264484225576925516280109666206428849855115039086665093602259197993846186797368446052808600802682184166604570232496419538286500208236003224871582256592049890634965
4461077849446507924359125944853222455564227333643373098967294620456483926721809023518172289450242492347519776455998489404468932492788858308692712797688282265955088090
67397826532640429489610753670700227175709419125506693322958330294145902409624862805183286748326671278988107265377642987737953512236812648535185277922915256753259775590
1018192279853748601707519272529031762769331423695441852421108619221668188776338853863909837323495577591451268258729629516133095556226886336599697958207594192757898447465
15381257425768361416063158599963401768545323407624249574967634260467217621124571484751055601331366289971213913051919213242953326433523744177574251213571893013253503916215
232344459805957407097702921679869906433260131897253070454279588489141186159060902423151954642154483741059882033343409756158653292854662899592295495810448097027077966806840
3509550873380840894316876965404331795075106190202135959260669946069111620018798488625571128965077096988273330563620469705095100338097044547814658351259766982830300623056840
53009022745084810232523151584159224904769656029182137925607190972016581714775251613557944074467554067909726459406346896017156019250612184026173263980442187653816476160166215
800621735841855105754397230308802093251190788079983546934564991294947336939027888465984818216884275214930294405375801196868283001446530497526899790379818058477676644617197465
12091621957611570870314207802828237193962551035833525374775331770144689222346405040929007129751328591168220378794845984302188385712008173519918009315795049532221592202478525590
182608768163929727314686857265366644837358603757009463182982830062977525859110876323023629793740895811687295122635824259770287896034775843653987826638392422809170521035486338090
2757648104455288373619908962324645976479184129647740686165035253606770700745385155481682289618177941337769268450234381325116250095841436267638082703097886539525257385506921884965
41642470296774462562792725985031884205969838044105091368779920844033177704061607491770151984953636682503436650913970981305172726267418523206995220099298301053694354332223230478715
