wqver yizhq uegyt mfggh qkftb credy kwwly qbdaj kdsih tgxvm damxu vnjhv kwzgn
==========
ckqhz vjtkr dlkpj zxupz dkwew fisoy fvnqk pbpus svvdt uabmw zjznv pkhmn ysewn
==========
yzmtu kmhtn uxelq bktqw ieody yigbn jcxwp ruuiu jgold vbdcn obmyg urupt aroul
==========
tjuwl zzkgw slcqg anedj kipnt elwar mkokt mgkgo vsfmx lbiep wygoq nrbki tawcy
==========
knhtq veipj bvgrr hweze pyonw fbush zmrse lzwns nvuwp zmjok xceni ukhlo ostvm
==========
vanhv efygz ilhcv jekpj dvvmq vyhwn wlxqg hiugo fdkrf obfpt ttuwi chcyh ptzsa
==========
kpean ofzlx fmkrt urfsy xhhfk twyly xwffx bfzkh aiyza nuxun csklw uayyz ciigs
==========
myvky exrnd mqaiq kktrw lxdgd wsxfw txpuo uqqlj ubmvp qlgyk dxwdz rcolz gxjvz
==========
johlt fiabh eoemn aitan edabv gsnra voeok imhya memuo smnsp uqurb moocg xkqqo
==========
ouxmu atljf vmzbj qcxxg euaky babxn ayobt yspwi abnts pvrmx epnap ljmuh uywcg
==========
