100.00
100.00
100.00
100.00
100.00
100.00
100.00
100.00
100.00
100.00
100.00
100.00
100.00
100.00
100.00
100.00
100.00
100.00
100.00
100.00
100.00
100.00
100.00
100.00
100.00
100.00
100.00
100.00
100.00
100.00
100.00
100.00
100.00
100.00
100.00
100.00
100.00
100.00
100.00
97.56
95.24
95.35
95.45
93.33
93.48
93.62
93.75
93.88
92.00
92.16
92.31
92.45
92.59
92.73
92.86
91.23
91.38
91.53
91.67
91.80
91.94
92.06
92.19
92.31
90.91
91.04
91.18
91.30
91.43
91.55
91.67
91.78
91.89
92.00
92.11
90.91
91.03
91.14
91.25
91.36
90.24
89.16
89.29
88.24
88.37
88.51
87.50
87.64
86.67
86.81
85.87
86.02
86.17
86.32
86.46
85.57
85.71
85.86
86.00
100.00
100.00
100.00
100.00
100.00
100.00
100.00
100.00
100.00
100.00
100.00
100.00
100.00
100.00
100.00
100.00
100.00
100.00
100.00
100.00
100.00
100.00
100.00
100.00
100.00
100.00
100.00
100.00
100.00
100.00
100.00
100.00
100.00
100.00
100.00
100.00
100.00
100.00
97.50
95.12
95.24
95.35
93.18
93.33
93.48
93.62
93.75
91.84
92.00
92.16
92.31
92.45
92.59
92.73
91.07
91.23
91.38
91.53
91.67
91.80
91.94
92.06
92.19
90.77
90.91
91.04
91.18
91.30
91.43
91.55
91.67
91.78
91.89
92.00
90.79
90.91
91.03
91.14
91.25
90.12
89.02
89.16
88.10
88.24
88.37
87.36
87.50
86.52
86.67
85.71
85.87
86.02
86.17
86.32
85.42
85.57
85.71
85.86
100.00
100.00
100.00
100.00
100.00
100.00
100.00
100.00
100.00
100.00
100.00
100.00
100.00
100.00
100.00
100.00
100.00
100.00
100.00
100.00
100.00
100.00
100.00
100.00
100.00
100.00
100.00
100.00
100.00
100.00
100.00
100.00
100.00
100.00
100.00
100.00
100.00
97.44
95.00
95.12
95.24
93.02
93.18
93.33
93.48
93.62
91.67
91.84
92.00
92.16
92.31
92.45
92.59
90.91
91.07
91.23
91.38
91.53
91.67
91.80
91.94
92.06
90.63
90.77
90.91
91.04
91.18
91.30
91.43
91.55
91.67
91.78
91.89
90.67
90.79
90.91
91.03
91.14
90.00
88.89
89.02
87.95
88.10
88.24
87.21
87.36
86.36
86.52
85.56
85.71
85.87
86.02
86.17
85.26
85.42
85.57
85.71
100.00
100.00
100.00
100.00
100.00
100.00
100.00
100.00
100.00
100.00
100.00
100.00
100.00
100.00
100.00
100.00
100.00
100.00
100.00
100.00
100.00
100.00
100.00
100.00
100.00
100.00
100.00
100.00
100.00
100.00
100.00
100.00
100.00
100.00
100.00
100.00
97.37
94.87
95.00
95.12
92.86
93.02
93.18
93.33
93.48
91.49
91.67
91.84
92.00
92.16
92.31
92.45
90.74
90.91
91.07
91.23
91.38
91.53
91.67
91.80
91.94
90.48
90.63
90.77
90.91
91.04
91.18
91.30
91.43
91.55
91.67
91.78
90.54
90.67
90.79
90.91
91.03
89.87
88.75
88.89
87.80
87.95
88.10
87.06
87.21
86.21
86.36
85.39
85.56
85.71
85.87
86.02
85.11
85.26
85.42
85.57
100.00
100.00
100.00
100.00
100.00
100.00
100.00
100.00
100.00
100.00
100.00
100.00
100.00
100.00
100.00
100.00
100.00
100.00
100.00
100.00
100.00
100.00
100.00
100.00
100.00
100.00
100.00
100.00
100.00
100.00
100.00
100.00
100.00
100.00
100.00
97.30
94.74
94.87
95.00
92.68
92.86
93.02
93.18
93.33
91.30
91.49
91.67
91.84
92.00
92.16
92.31
90.57
90.74
90.91
91.07
91.23
91.38
91.53
91.67
91.80
90.32
90.48
90.63
90.77
90.91
91.04
91.18
91.30
91.43
91.55
91.67
90.41
90.54
90.67
90.79
90.91
89.74
88.61
88.75
87.65
87.80
87.95
86.90
87.06
86.05
86.21
85.23
85.39
85.56
85.71
85.87
84.95
85.11
85.26
85.42
100.00
100.00
100.00
100.00
100.00
100.00
100.00
100.00
100.00
100.00
100.00
100.00
100.00
100.00
100.00
100.00
100.00
100.00
100.00
100.00
100.00
100.00
100.00
100.00
100.00
100.00
100.00
100.00
100.00
100.00
100.00
100.00
100.00
100.00
97.22
94.59
94.74
94.87
92.50
92.68
92.86
93.02
93.18
91.11
91.30
91.49
91.67
91.84
92.00
92.16
90.38
90.57
90.74
90.91
91.07
91.23
91.38
91.53
91.67
90.16
90.32
90.48
90.63
90.77
90.91
91.04
91.18
91.30
91.43
91.55
90.28
90.41
90.54
90.67
90.79
89.61
88.46
88.61
87.50
87.65
87.80
86.75
86.90
85.88
86.05
85.06
85.23
85.39
85.56
85.71
84.78
84.95
85.11
85.26
100.00
100.00
100.00
100.00
100.00
100.00
100.00
100.00
100.00
100.00
100.00
100.00
100.00
100.00
100.00
100.00
100.00
100.00
100.00
100.00
100.00
100.00
100.00
100.00
100.00
100.00
100.00
100.00
100.00
100.00
100.00
100.00
100.00
97.14
94.44
94.59
94.74
92.31
92.50
92.68
92.86
93.02
90.91
91.11
91.30
91.49
91.67
91.84
92.00
90.20
90.38
90.57
90.74
90.91
91.07
91.23
91.38
91.53
90.00
90.16
90.32
90.48
90.63
90.77
90.91
91.04
91.18
91.30
91.43
90.14
90.28
90.41
90.54
90.67
89.47
88.31
88.46
87.34
87.50
87.65
86.59
86.75
85.71
85.88
84.88
85.06
85.23
85.39
85.56
84.62
84.78
84.95
85.11
100.00
100.00
100.00
100.00
100.00
100.00
100.00
100.00
100.00
100.00
100.00
100.00
100.00
100.00
100.00
100.00
100.00
100.00
100.00
100.00
100.00
100.00
100.00
100.00
100.00
100.00
100.00
100.00
100.00
100.00
100.00
100.00
97.06
94.29
94.44
94.59
92.11
92.31
92.50
92.68
92.86
90.70
90.91
91.11
91.30
91.49
91.67
91.84
90.00
90.20
90.38
90.57
90.74
90.91
91.07
91.23
91.38
89.83
90.00
90.16
90.32
90.48
90.63
90.77
90.91
91.04
91.18
91.30
90.00
90.14
90.28
90.41
90.54
89.33
88.16
88.31
87.18
87.34
87.50
86.42
86.59
85.54
85.71
84.71
84.88
85.06
85.23
85.39
84.44
84.62
84.78
84.95
100.00
100.00
100.00
100.00
100.00
100.00
100.00
100.00
100.00
100.00
100.00
100.00
100.00
100.00
100.00
100.00
100.00
100.00
100.00
100.00
100.00
100.00
100.00
100.00
100.00
100.00
100.00
100.00
100.00
100.00
100.00
96.97
94.12
94.29
94.44
91.89
92.11
92.31
92.50
92.68
90.48
90.70
90.91
91.11
91.30
91.49
91.67
89.80
90.00
90.20
90.38
90.57
90.74
90.91
91.07
91.23
89.66
89.83
90.00
90.16
90.32
90.48
90.63
90.77
90.91
91.04
91.18
89.86
90.00
90.14
90.28
90.41
89.19
88.00
88.16
87.01
87.18
87.34
86.25
86.42
85.37
85.54
84.52
84.71
84.88
85.06
85.23
84.27
84.44
84.62
84.78
100.00
100.00
100.00
100.00
100.00
100.00
100.00
100.00
100.00
100.00
100.00
100.00
100.00
100.00
100.00
100.00
100.00
100.00
100.00
100.00
100.00
100.00
100.00
100.00
100.00
100.00
100.00
100.00
100.00
100.00
96.88
93.94
94.12
94.29
91.67
91.89
92.11
92.31
92.50
90.24
90.48
90.70
90.91
91.11
91.30
91.49
89.58
89.80
90.00
90.20
90.38
90.57
90.74
90.91
91.07
89.47
89.66
89.83
90.00
90.16
90.32
90.48
90.63
90.77
90.91
91.04
89.71
89.86
90.00
90.14
90.28
89.04
87.84
88.00
86.84
87.01
87.18
86.08
86.25
85.19
85.37
84.34
84.52
84.71
84.88
85.06
84.09
84.27
84.44
84.62
100.00
100.00
100.00
100.00
100.00
100.00
100.00
100.00
100.00
100.00
100.00
100.00
100.00
100.00
100.00
100.00
100.00
100.00
100.00
100.00
100.00
100.00
100.00
100.00
100.00
100.00
100.00
100.00
100.00
96.77
93.75
93.94
94.12
91.43
91.67
91.89
92.11
92.31
90.00
90.24
90.48
90.70
90.91
91.11
91.30
89.36
89.58
89.80
90.00
90.20
90.38
90.57
90.74
90.91
89.29
89.47
89.66
89.83
90.00
90.16
90.32
90.48
90.63
90.77
90.91
89.55
89.71
89.86
90.00
90.14
88.89
87.67
87.84
86.67
86.84
87.01
85.90
86.08
85.00
85.19
84.15
84.34
84.52
84.71
84.88
83.91
84.09
84.27
84.44
100.00
100.00
100.00
100.00
100.00
100.00
100.00
100.00
100.00
100.00
100.00
100.00
100.00
100.00
100.00
100.00
100.00
100.00
100.00
100.00
100.00
100.00
100.00
100.00
100.00
100.00
100.00
100.00
96.67
93.55
93.75
93.94
91.18
91.43
91.67
91.89
92.11
89.74
90.00
90.24
90.48
90.70
90.91
91.11
89.13
89.36
89.58
89.80
90.00
90.20
90.38
90.57
90.74
89.09
89.29
89.47
89.66
89.83
90.00
90.16
90.32
90.48
90.63
90.77
89.39
89.55
89.71
89.86
90.00
88.73
87.50
87.67
86.49
86.67
86.84
85.71
85.90
84.81
85.00
83.95
84.15
84.34
84.52
84.71
83.72
83.91
84.09
84.27
100.00
100.00
100.00
100.00
100.00
100.00
100.00
100.00
100.00
100.00
100.00
100.00
100.00
100.00
100.00
100.00
100.00
100.00
100.00
100.00
100.00
100.00
100.00
100.00
100.00
100.00
100.00
96.55
93.33
93.55
93.75
90.91
91.18
91.43
91.67
91.89
89.47
89.74
90.00
90.24
90.48
90.70
90.91
88.89
89.13
89.36
89.58
89.80
90.00
90.20
90.38
90.57
88.89
89.09
89.29
89.47
89.66
89.83
90.00
90.16
90.32
90.48
90.63
89.23
89.39
89.55
89.71
89.86
88.57
87.32
87.50
86.30
86.49
86.67
85.53
85.71
84.62
84.81
83.75
83.95
84.15
84.34
84.52
83.53
83.72
83.91
84.09
100.00
100.00
100.00
100.00
100.00
100.00
100.00
100.00
100.00
100.00
100.00
100.00
100.00
100.00
100.00
100.00
100.00
100.00
100.00
100.00
100.00
100.00
100.00
100.00
100.00
100.00
96.43
93.10
93.33
93.55
90.63
90.91
91.18
91.43
91.67
89.19
89.47
89.74
90.00
90.24
90.48
90.70
88.64
88.89
89.13
89.36
89.58
89.80
90.00
90.20
90.38
88.68
88.89
89.09
89.29
89.47
89.66
89.83
90.00
90.16
90.32
90.48
89.06
89.23
89.39
89.55
89.71
88.41
87.14
87.32
86.11
86.30
86.49
85.33
85.53
84.42
84.62
83.54
83.75
83.95
84.15
84.34
83.33
83.53
83.72
83.91
100.00
100.00
100.00
100.00
100.00
100.00
100.00
100.00
100.00
100.00
100.00
100.00
100.00
100.00
100.00
100.00
100.00
100.00
100.00
100.00
100.00
100.00
100.00
100.00
100.00
96.30
92.86
93.10
93.33
90.32
90.63
90.91
91.18
91.43
88.89
89.19
89.47
89.74
90.00
90.24
90.48
88.37
88.64
88.89
89.13
89.36
89.58
89.80
90.00
90.20
88.46
88.68
88.89
89.09
89.29
89.47
89.66
89.83
90.00
90.16
90.32
88.89
89.06
89.23
89.39
89.55
88.24
86.96
87.14
85.92
86.11
86.30
85.14
85.33
84.21
84.42
83.33
83.54
83.75
83.95
84.15
83.13
83.33
83.53
83.72
100.00
100.00
100.00
100.00
100.00
100.00
100.00
100.00
100.00
100.00
100.00
100.00
100.00
100.00
100.00
100.00
100.00
100.00
100.00
100.00
100.00
100.00
100.00
100.00
96.15
92.59
92.86
93.10
90.00
90.32
90.63
90.91
91.18
88.57
88.89
89.19
89.47
89.74
90.00
90.24
88.10
88.37
88.64
88.89
89.13
89.36
89.58
89.80
90.00
88.24
88.46
88.68
88.89
89.09
89.29
89.47
89.66
89.83
90.00
90.16
88.71
88.89
89.06
89.23
89.39
88.06
86.76
86.96
85.71
85.92
86.11
84.93
85.14
84.00
84.21
83.12
83.33
83.54
83.75
83.95
82.93
83.13
83.33
83.53
100.00
100.00
100.00
100.00
100.00
100.00
100.00
100.00
100.00
100.00
100.00
100.00
100.00
100.00
100.00
100.00
100.00
100.00
100.00
100.00
100.00
100.00
100.00
96.00
92.31
92.59
92.86
89.66
90.00
90.32
90.63
90.91
88.24
88.57
88.89
89.19
89.47
89.74
90.00
87.80
88.10
88.37
88.64
88.89
89.13
89.36
89.58
89.80
88.00
88.24
88.46
88.68
88.89
89.09
89.29
89.47
89.66
89.83
90.00
88.52
88.71
88.89
89.06
89.23
87.88
86.57
86.76
85.51
85.71
85.92
84.72
84.93
83.78
84.00
82.89
83.12
83.33
83.54
83.75
82.72
82.93
83.13
83.33
100.00
100.00
100.00
100.00
100.00
100.00
100.00
100.00
100.00
100.00
100.00
100.00
100.00
100.00
100.00
100.00
100.00
100.00
100.00
100.00
100.00
100.00
95.83
92.00
92.31
92.59
89.29
89.66
90.00
90.32
90.63
87.88
88.24
88.57
88.89
89.19
89.47
89.74
87.50
87.80
88.10
88.37
88.64
88.89
89.13
89.36
89.58
87.76
88.00
88.24
88.46
88.68
88.89
89.09
89.29
89.47
89.66
89.83
88.33
88.52
88.71
88.89
89.06
87.69
86.36
86.57
85.29
85.51
85.71
84.51
84.72
83.56
83.78
82.67
82.89
83.12
83.33
83.54
82.50
82.72
82.93
83.13
100.00
100.00
100.00
100.00
100.00
100.00
100.00
100.00
100.00
100.00
100.00
100.00
100.00
100.00
100.00
100.00
100.00
100.00
100.00
100.00
100.00
95.65
91.67
92.00
92.31
88.89
89.29
89.66
90.00
90.32
87.50
87.88
88.24
88.57
88.89
89.19
89.47
87.18
87.50
87.80
88.10
88.37
88.64
88.89
89.13
89.36
87.50
87.76
88.00
88.24
88.46
88.68
88.89
89.09
89.29
89.47
89.66
88.14
88.33
88.52
88.71
88.89
87.50
86.15
86.36
85.07
85.29
85.51
84.29
84.51
83.33
83.56
82.43
82.67
82.89
83.12
83.33
82.28
82.50
82.72
82.93
100.00
100.00
100.00
100.00
100.00
100.00
100.00
100.00
100.00
100.00
100.00
100.00
100.00
100.00
100.00
100.00
100.00
100.00
100.00
100.00
95.45
91.30
91.67
92.00
88.46
88.89
89.29
89.66
90.00
87.10
87.50
87.88
88.24
88.57
88.89
89.19
86.84
87.18
87.50
87.80
88.10
88.37
88.64
88.89
89.13
87.23
87.50
87.76
88.00
88.24
88.46
88.68
88.89
89.09
89.29
89.47
87.93
88.14
88.33
88.52
88.71
87.30
85.94
86.15
84.85
85.07
85.29
84.06
84.29
83.10
83.33
82.19
82.43
82.67
82.89
83.12
82.05
82.28
82.50
82.72
100.00
100.00
100.00
100.00
100.00
100.00
100.00
100.00
100.00
100.00
100.00
100.00
100.00
100.00
100.00
100.00
100.00
100.00
100.00
95.24
90.91
91.30
91.67
88.00
88.46
88.89
89.29
89.66
86.67
87.10
87.50
87.88
88.24
88.57
88.89
86.49
86.84
87.18
87.50
87.80
88.10
88.37
88.64
88.89
86.96
87.23
87.50
87.76
88.00
88.24
88.46
88.68
88.89
89.09
89.29
87.72
87.93
88.14
88.33
88.52
87.10
85.71
85.94
84.62
84.85
85.07
83.82
84.06
82.86
83.10
81.94
82.19
82.43
82.67
82.89
81.82
82.05
82.28
82.50
100.00
100.00
100.00
100.00
100.00
100.00
100.00
100.00
100.00
100.00
100.00
100.00
100.00
100.00
100.00
100.00
100.00
100.00
95.00
90.48
90.91
91.30
87.50
88.00
88.46
88.89
89.29
86.21
86.67
87.10
87.50
87.88
88.24
88.57
86.11
86.49
86.84
87.18
87.50
87.80
88.10
88.37
88.64
86.67
86.96
87.23
87.50
87.76
88.00
88.24
88.46
88.68
88.89
89.09
87.50
87.72
87.93
88.14
88.33
86.89
85.48
85.71
84.38
84.62
84.85
83.58
83.82
82.61
82.86
81.69
81.94
82.19
82.43
82.67
81.58
81.82
82.05
82.28
100.00
100.00
100.00
100.00
100.00
100.00
100.00
100.00
100.00
100.00
100.00
100.00
100.00
100.00
100.00
100.00
100.00
94.74
90.00
90.48
90.91
86.96
87.50
88.00
88.46
88.89
85.71
86.21
86.67
87.10
87.50
87.88
88.24
85.71
86.11
86.49
86.84
87.18
87.50
87.80
88.10
88.37
86.36
86.67
86.96
87.23
87.50
87.76
88.00
88.24
88.46
88.68
88.89
87.27
87.50
87.72
87.93
88.14
86.67
85.25
85.48
84.13
84.38
84.62
83.33
83.58
82.35
82.61
81.43
81.69
81.94
82.19
82.43
81.33
81.58
81.82
82.05
100.00
100.00
100.00
100.00
100.00
100.00
100.00
100.00
100.00
100.00
100.00
100.00
100.00
100.00
100.00
100.00
94.44
89.47
90.00
90.48
86.36
86.96
87.50
88.00
88.46
85.19
85.71
86.21
86.67
87.10
87.50
87.88
85.29
85.71
86.11
86.49
86.84
87.18
87.50
87.80
88.10
86.05
86.36
86.67
86.96
87.23
87.50
87.76
88.00
88.24
88.46
88.68
87.04
87.27
87.50
87.72
87.93
86.44
85.00
85.25
83.87
84.13
84.38
83.08
83.33
82.09
82.35
81.16
81.43
81.69
81.94
82.19
81.08
81.33
81.58
81.82
100.00
100.00
100.00
100.00
100.00
100.00
100.00
100.00
100.00
100.00
100.00
100.00
100.00
100.00
100.00
94.12
88.89
89.47
90.00
85.71
86.36
86.96
87.50
88.00
84.62
85.19
85.71
86.21
86.67
87.10
87.50
84.85
85.29
85.71
86.11
86.49
86.84
87.18
87.50
87.80
85.71
86.05
86.36
86.67
86.96
87.23
87.50
87.76
88.00
88.24
88.46
86.79
87.04
87.27
87.50
87.72
86.21
84.75
85.00
83.61
83.87
84.13
82.81
83.08
81.82
82.09
80.88
81.16
81.43
81.69
81.94
80.82
81.08
81.33
81.58
100.00
100.00
100.00
100.00
100.00
100.00
100.00
100.00
100.00
100.00
100.00
100.00
100.00
100.00
93.75
88.24
88.89
89.47
85.00
85.71
86.36
86.96
87.50
84.00
84.62
85.19
85.71
86.21
86.67
87.10
84.38
84.85
85.29
85.71
86.11
86.49
86.84
87.18
87.50
85.37
85.71
86.05
86.36
86.67
86.96
87.23
87.50
87.76
88.00
88.24
86.54
86.79
87.04
87.27
87.50
85.96
84.48
84.75
83.33
83.61
83.87
82.54
82.81
81.54
81.82
80.60
80.88
81.16
81.43
81.69
80.56
80.82
81.08
81.33
100.00
100.00
100.00
100.00
100.00
100.00
100.00
100.00
100.00
100.00
100.00
100.00
100.00
93.33
87.50
88.24
88.89
84.21
85.00
85.71
86.36
86.96
83.33
84.00
84.62
85.19
85.71
86.21
86.67
83.87
84.38
84.85
85.29
85.71
86.11
86.49
86.84
87.18
85.00
85.37
85.71
86.05
86.36
86.67
86.96
87.23
87.50
87.76
88.00
86.27
86.54
86.79
87.04
87.27
85.71
84.21
84.48
83.05
83.33
83.61
82.26
82.54
81.25
81.54
80.30
80.60
80.88
81.16
81.43
80.28
80.56
80.82
81.08
100.00
100.00
100.00
100.00
100.00
100.00
100.00
100.00
100.00
100.00
100.00
100.00
92.86
86.67
87.50
88.24
83.33
84.21
85.00
85.71
86.36
82.61
83.33
84.00
84.62
85.19
85.71
86.21
83.33
83.87
84.38
84.85
85.29
85.71
86.11
86.49
86.84
84.62
85.00
85.37
85.71
86.05
86.36
86.67
86.96
87.23
87.50
87.76
86.00
86.27
86.54
86.79
87.04
85.45
83.93
84.21
82.76
83.05
83.33
81.97
82.26
80.95
81.25
80.00
80.30
80.60
80.88
81.16
80.00
80.28
80.56
80.82
100.00
100.00
100.00
100.00
100.00
100.00
100.00
100.00
100.00
100.00
100.00
92.31
85.71
86.67
87.50
82.35
83.33
84.21
85.00
85.71
81.82
82.61
83.33
84.00
84.62
85.19
85.71
82.76
83.33
83.87
84.38
84.85
85.29
85.71
86.11
86.49
84.21
84.62
85.00
85.37
85.71
86.05
86.36
86.67
86.96
87.23
87.50
85.71
86.00
86.27
86.54
86.79
85.19
83.64
83.93
82.46
82.76
83.05
81.67
81.97
80.65
80.95
79.69
80.00
80.30
80.60
80.88
79.71
80.00
80.28
80.56
100.00
100.00
100.00
100.00
100.00
100.00
100.00
100.00
100.00
100.00
91.67
84.62
85.71
86.67
81.25
82.35
83.33
84.21
85.00
80.95
81.82
82.61
83.33
84.00
84.62
85.19
82.14
82.76
83.33
83.87
84.38
84.85
85.29
85.71
86.11
83.78
84.21
84.62
85.00
85.37
85.71
86.05
86.36
86.67
86.96
87.23
85.42
85.71
86.00
86.27
86.54
84.91
83.33
83.64
82.14
82.46
82.76
81.36
81.67
80.33
80.65
79.37
79.69
80.00
80.30
80.60
79.41
79.71
80.00
80.28
100.00
100.00
100.00
100.00
100.00
100.00
100.00
100.00
100.00
90.91
83.33
84.62
85.71
80.00
81.25
82.35
83.33
84.21
80.00
80.95
81.82
82.61
83.33
84.00
84.62
81.48
82.14
82.76
83.33
83.87
84.38
84.85
85.29
85.71
83.33
83.78
84.21
84.62
85.00
85.37
85.71
86.05
86.36
86.67
86.96
85.11
85.42
85.71
86.00
86.27
84.62
83.02
83.33
81.82
82.14
82.46
81.03
81.36
80.00
80.33
79.03
79.37
79.69
80.00
80.30
79.10
79.41
79.71
80.00
100.00
100.00
100.00
100.00
100.00
100.00
100.00
100.00
90.00
81.82
83.33
84.62
78.57
80.00
81.25
82.35
83.33
78.95
80.00
80.95
81.82
82.61
83.33
84.00
80.77
81.48
82.14
82.76
83.33
83.87
84.38
84.85
85.29
82.86
83.33
83.78
84.21
84.62
85.00
85.37
85.71
86.05
86.36
86.67
84.78
85.11
85.42
85.71
86.00
84.31
82.69
83.02
81.48
81.82
82.14
80.70
81.03
79.66
80.00
78.69
79.03
79.37
79.69
80.00
78.79
79.10
79.41
79.71
100.00
100.00
100.00
100.00
100.00
100.00
100.00
88.89
80.00
81.82
83.33
76.92
78.57
80.00
81.25
82.35
77.78
78.95
80.00
80.95
81.82
82.61
83.33
80.00
80.77
81.48
82.14
82.76
83.33
83.87
84.38
84.85
82.35
82.86
83.33
83.78
84.21
84.62
85.00
85.37
85.71
86.05
86.36
84.44
84.78
85.11
85.42
85.71
84.00
82.35
82.69
81.13
81.48
81.82
80.36
80.70
79.31
79.66
78.33
78.69
79.03
79.37
79.69
78.46
78.79
79.10
79.41
100.00
100.00
100.00
100.00
100.00
100.00
87.50
77.78
80.00
81.82
75.00
76.92
78.57
80.00
81.25
76.47
77.78
78.95
80.00
80.95
81.82
82.61
79.17
80.00
80.77
81.48
82.14
82.76
83.33
83.87
84.38
81.82
82.35
82.86
83.33
83.78
84.21
84.62
85.00
85.37
85.71
86.05
84.09
84.44
84.78
85.11
85.42
83.67
82.00
82.35
80.77
81.13
81.48
80.00
80.36
78.95
79.31
77.97
78.33
78.69
79.03
79.37
78.13
78.46
78.79
79.10
100.00
100.00
100.00
100.00
100.00
85.71
75.00
77.78
80.00
72.73
75.00
76.92
78.57
80.00
75.00
76.47
77.78
78.95
80.00
80.95
81.82
78.26
79.17
80.00
80.77
81.48
82.14
82.76
83.33
83.87
81.25
81.82
82.35
82.86
83.33
83.78
84.21
84.62
85.00
85.37
85.71
83.72
84.09
84.44
84.78
85.11
83.33
81.63
82.00
80.39
80.77
81.13
79.63
80.00
78.57
78.95
77.59
77.97
78.33
78.69
79.03
77.78
78.13
78.46
78.79
100.00
100.00
100.00
100.00
83.33
71.43
75.00
77.78
70.00
72.73
75.00
76.92
78.57
73.33
75.00
76.47
77.78
78.95
80.00
80.95
77.27
78.26
79.17
80.00
80.77
81.48
82.14
82.76
83.33
80.65
81.25
81.82
82.35
82.86
83.33
83.78
84.21
84.62
85.00
85.37
83.33
83.72
84.09
84.44
84.78
82.98
81.25
81.63
80.00
80.39
80.77
79.25
79.63
78.18
78.57
77.19
77.59
77.97
78.33
78.69
77.42
77.78
78.13
78.46
100.00
100.00
100.00
80.00
66.67
71.43
75.00
66.67
70.00
72.73
75.00
76.92
71.43
73.33
75.00
76.47
77.78
78.95
80.00
76.19
77.27
78.26
79.17
80.00
80.77
81.48
82.14
82.76
80.00
80.65
81.25
81.82
82.35
82.86
83.33
83.78
84.21
84.62
85.00
82.93
83.33
83.72
84.09
84.44
82.61
80.85
81.25
79.59
80.00
80.39
78.85
79.25
77.78
78.18
76.79
77.19
77.59
77.97
78.33
77.05
77.42
77.78
78.13
100.00
100.00
75.00
60.00
66.67
71.43
62.50
66.67
70.00
72.73
75.00
69.23
71.43
73.33
75.00
76.47
77.78
78.95
75.00
76.19
77.27
78.26
79.17
80.00
80.77
81.48
82.14
79.31
80.00
80.65
81.25
81.82
82.35
82.86
83.33
83.78
84.21
84.62
82.50
82.93
83.33
83.72
84.09
82.22
80.43
80.85
79.17
79.59
80.00
78.43
78.85
77.36
77.78
76.36
76.79
77.19
77.59
77.97
76.67
77.05
77.42
77.78
100.00
66.67
50.00
60.00
66.67
57.14
62.50
66.67
70.00
72.73
66.67
69.23
71.43
73.33
75.00
76.47
77.78
73.68
75.00
76.19
77.27
78.26
79.17
80.00
80.77
81.48
78.57
79.31
80.00
80.65
81.25
81.82
82.35
82.86
83.33
83.78
84.21
82.05
82.50
82.93
83.33
83.72
81.82
80.00
80.43
78.72
79.17
79.59
78.00
78.43
76.92
77.36
75.93
76.36
76.79
77.19
77.59
76.27
76.67
77.05
77.42
50.00
33.33
50.00
60.00
50.00
57.14
62.50
66.67
70.00
63.64
66.67
69.23
71.43
73.33
75.00
76.47
72.22
73.68
75.00
76.19
77.27
78.26
79.17
80.00
80.77
77.78
78.57
79.31
80.00
80.65
81.25
81.82
82.35
82.86
83.33
83.78
81.58
82.05
82.50
82.93
83.33
81.40
79.55
80.00
78.26
78.72
79.17
77.55
78.00
76.47
76.92
75.47
75.93
76.36
76.79
77.19
75.86
76.27
76.67
77.05
0.00
33.33
50.00
40.00
50.00
57.14
62.50
66.67
60.00
63.64
66.67
69.23
71.43
73.33
75.00
70.59
72.22
73.68
75.00
76.19
77.27
78.26
79.17
80.00
76.92
77.78
78.57
79.31
80.00
80.65
81.25
81.82
82.35
82.86
83.33
81.08
81.58
82.05
82.50
82.93
80.95
79.07
79.55
77.78
78.26
78.72
77.08
77.55
76.00
76.47
75.00
75.47
75.93
76.36
76.79
75.44
75.86
76.27
76.67
50.00
66.67
50.00
60.00
66.67
71.43
75.00
66.67
70.00
72.73
75.00
76.92
78.57
80.00
75.00
76.47
77.78
78.95
80.00
80.95
81.82
82.61
83.33
80.00
80.77
81.48
82.14
82.76
83.33
83.87
84.38
84.85
85.29
85.71
83.33
83.78
84.21
84.62
85.00
82.93
80.95
81.40
79.55
80.00
80.43
78.72
79.17
77.55
78.00
76.47
76.92
77.36
77.78
78.18
76.79
77.19
77.59
77.97
100.00
66.67
75.00
80.00
83.33
85.71
75.00
77.78
80.00
81.82
83.33
84.62
85.71
80.00
81.25
82.35
83.33
84.21
85.00
85.71
86.36
86.96
83.33
84.00
84.62
85.19
85.71
86.21
86.67
87.10
87.50
87.88
88.24
85.71
86.11
86.49
86.84
87.18
85.00
82.93
83.33
81.40
81.82
82.22
80.43
80.85
79.17
79.59
78.00
78.43
78.85
79.25
79.63
78.18
78.57
78.95
79.31
50.00
66.67
75.00
80.00
83.33
71.43
75.00
77.78
80.00
81.82
83.33
84.62
78.57
80.00
81.25
82.35
83.33
84.21
85.00
85.71
86.36
82.61
83.33
84.00
84.62
85.19
85.71
86.21
86.67
87.10
87.50
87.88
85.29
85.71
86.11
86.49
86.84
84.62
82.50
82.93
80.95
81.40
81.82
80.00
80.43
78.72
79.17
77.55
78.00
78.43
78.85
79.25
77.78
78.18
78.57
78.95
50.00
66.67
75.00
80.00
66.67
71.43
75.00
77.78
80.00
81.82
83.33
76.92
78.57
80.00
81.25
82.35
83.33
84.21
85.00
85.71
81.82
82.61
83.33
84.00
84.62
85.19
85.71
86.21
86.67
87.10
87.50
84.85
85.29
85.71
86.11
86.49
84.21
82.05
82.50
80.49
80.95
81.40
79.55
80.00
78.26
78.72
77.08
77.55
78.00
78.43
78.85
77.36
77.78
78.18
78.57
100.00
100.00
100.00
80.00
83.33
85.71
87.50
88.89
90.00
90.91
83.33
84.62
85.71
86.67
87.50
88.24
88.89
89.47
90.00
85.71
86.36
86.96
87.50
88.00
88.46
88.89
89.29
89.66
90.00
90.32
87.50
87.88
88.24
88.57
88.89
86.49
84.21
84.62
82.50
82.93
83.33
81.40
81.82
80.00
80.43
78.72
79.17
79.59
80.00
80.39
78.85
79.25
79.63
80.00
100.00
100.00
75.00
80.00
83.33
85.71
87.50
88.89
90.00
81.82
83.33
84.62
85.71
86.67
87.50
88.24
88.89
89.47
85.00
85.71
86.36
86.96
87.50
88.00
88.46
88.89
89.29
89.66
90.00
87.10
87.50
87.88
88.24
88.57
86.11
83.78
84.21
82.05
82.50
82.93
80.95
81.40
79.55
80.00
78.26
78.72
79.17
79.59
80.00
78.43
78.85
79.25
79.63
100.00
66.67
75.00
80.00
83.33
85.71
87.50
88.89
80.00
81.82
83.33
84.62
85.71
86.67
87.50
88.24
88.89
84.21
85.00
85.71
86.36
86.96
87.50
88.00
88.46
88.89
89.29
89.66
86.67
87.10
87.50
87.88
88.24
85.71
83.33
83.78
81.58
82.05
82.50
80.49
80.95
79.07
79.55
77.78
78.26
78.72
79.17
79.59
78.00
78.43
78.85
79.25
50.00
66.67
75.00
80.00
83.33
85.71
87.50
77.78
80.00
81.82
83.33
84.62
85.71
86.67
87.50
88.24
83.33
84.21
85.00
85.71
86.36
86.96
87.50
88.00
88.46
88.89
89.29
86.21
86.67
87.10
87.50
87.88
85.29
82.86
83.33
81.08
81.58
82.05
80.00
80.49
78.57
79.07
77.27
77.78
78.26
78.72
79.17
77.55
78.00
78.43
78.85
50.00
66.67
75.00
80.00
83.33
85.71
75.00
77.78
80.00
81.82
83.33
84.62
85.71
86.67
87.50
82.35
83.33
84.21
85.00
85.71
86.36
86.96
87.50
88.00
88.46
88.89
85.71
86.21
86.67
87.10
87.50
84.85
82.35
82.86
80.56
81.08
81.58
79.49
80.00
78.05
78.57
76.74
77.27
77.78
78.26
78.72
77.08
77.55
78.00
78.43
100.00
100.00
100.00
100.00
100.00
85.71
87.50
88.89
90.00
90.91
91.67
92.31
92.86
93.33
87.50
88.24
88.89
89.47
90.00
90.48
90.91
91.30
91.67
92.00
92.31
88.89
89.29
89.66
90.00
90.32
87.50
84.85
85.29
82.86
83.33
83.78
81.58
82.05
80.00
80.49
78.57
79.07
79.55
80.00
80.43
78.72
79.17
79.59
80.00
100.00
100.00
100.00
100.00
83.33
85.71
87.50
88.89
90.00
90.91
91.67
92.31
92.86
86.67
87.50
88.24
88.89
89.47
90.00
90.48
90.91
91.30
91.67
92.00
88.46
88.89
89.29
89.66
90.00
87.10
84.38
84.85
82.35
82.86
83.33
81.08
81.58
79.49
80.00
78.05
78.57
79.07
79.55
80.00
78.26
78.72
79.17
79.59
100.00
100.00
100.00
80.00
83.33
85.71
87.50
88.89
90.00
90.91
91.67
92.31
85.71
86.67
87.50
88.24
88.89
89.47
90.00
90.48
90.91
91.30
91.67
88.00
88.46
88.89
89.29
89.66
86.67
83.87
84.38
81.82
82.35
82.86
80.56
81.08
78.95
79.49
77.50
78.05
78.57
79.07
79.55
77.78
78.26
78.72
79.17
100.00
100.00
75.00
80.00
83.33
85.71
87.50
88.89
90.00
90.91
91.67
84.62
85.71
86.67
87.50
88.24
88.89
89.47
90.00
90.48
90.91
91.30
87.50
88.00
88.46
88.89
89.29
86.21
83.33
83.87
81.25
81.82
82.35
80.00
80.56
78.38
78.95
76.92
77.50
78.05
78.57
79.07
77.27
77.78
78.26
78.72
100.00
66.67
75.00
80.00
83.33
85.71
87.50
88.89
90.00
90.91
83.33
84.62
85.71
86.67
87.50
88.24
88.89
89.47
90.00
90.48
90.91
86.96
87.50
88.00
88.46
88.89
85.71
82.76
83.33
80.65
81.25
81.82
79.41
80.00
77.78
78.38
76.32
76.92
77.50
78.05
78.57
76.74
77.27
77.78
78.26
50.00
66.67
75.00
80.00
83.33
85.71
87.50
88.89
90.00
81.82
83.33
84.62
85.71
86.67
87.50
88.24
88.89
89.47
90.00
90.48
86.36
86.96
87.50
88.00
88.46
85.19
82.14
82.76
80.00
80.65
81.25
78.79
79.41
77.14
77.78
75.68
76.32
76.92
77.50
78.05
76.19
76.74
77.27
77.78
50.00
66.67
75.00
80.00
83.33
85.71
87.50
88.89
80.00
81.82
83.33
84.62
85.71
86.67
87.50
88.24
88.89
89.47
90.00
85.71
86.36
86.96
87.50
88.00
84.62
81.48
82.14
79.31
80.00
80.65
78.13
78.79
76.47
77.14
75.00
75.68
76.32
76.92
77.50
75.61
76.19
76.74
77.27
100.00
100.00
100.00
100.00
100.00
100.00
100.00
88.89
90.00
90.91
91.67
92.31
92.86
93.33
93.75
94.12
94.44
94.74
90.00
90.48
90.91
91.30
91.67
88.00
84.62
85.19
82.14
82.76
83.33
80.65
81.25
78.79
79.41
77.14
77.78
78.38
78.95
79.49
77.50
78.05
78.57
79.07
100.00
100.00
100.00
100.00
100.00
100.00
87.50
88.89
90.00
90.91
91.67
92.31
92.86
93.33
93.75
94.12
94.44
89.47
90.00
90.48
90.91
91.30
87.50
84.00
84.62
81.48
82.14
82.76
80.00
80.65
78.13
78.79
76.47
77.14
77.78
78.38
78.95
76.92
77.50
78.05
78.57
100.00
100.00
100.00
100.00
100.00
85.71
87.50
88.89
90.00
90.91
91.67
92.31
92.86
93.33
93.75
94.12
88.89
89.47
90.00
90.48
90.91
86.96
83.33
84.00
80.77
81.48
82.14
79.31
80.00
77.42
78.13
75.76
76.47
77.14
77.78
78.38
76.32
76.92
77.50
78.05
100.00
100.00
100.00
100.00
83.33
85.71
87.50
88.89
90.00
90.91
91.67
92.31
92.86
93.33
93.75
88.24
88.89
89.47
90.00
90.48
86.36
82.61
83.33
80.00
80.77
81.48
78.57
79.31
76.67
77.42
75.00
75.76
76.47
77.14
77.78
75.68
76.32
76.92
77.50
100.00
100.00
100.00
80.00
83.33
85.71
87.50
88.89
90.00
90.91
91.67
92.31
92.86
93.33
87.50
88.24
88.89
89.47
90.00
85.71
81.82
82.61
79.17
80.00
80.77
77.78
78.57
75.86
76.67
74.19
75.00
75.76
76.47
77.14
75.00
75.68
76.32
76.92
100.00
100.00
75.00
80.00
83.33
85.71
87.50
88.89
90.00
90.91
91.67
92.31
92.86
86.67
87.50
88.24
88.89
89.47
85.00
80.95
81.82
78.26
79.17
80.00
76.92
77.78
75.00
75.86
73.33
74.19
75.00
75.76
76.47
74.29
75.00
75.68
76.32
100.00
66.67
75.00
80.00
83.33
85.71
87.50
88.89
90.00
90.91
91.67
92.31
85.71
86.67
87.50
88.24
88.89
84.21
80.00
80.95
77.27
78.26
79.17
76.00
76.92
74.07
75.00
72.41
73.33
74.19
75.00
75.76
73.53
74.29
75.00
75.68
50.00
66.67
75.00
80.00
83.33
85.71
87.50
88.89
90.00
90.91
91.67
84.62
85.71
86.67
87.50
88.24
83.33
78.95
80.00
76.19
77.27
78.26
75.00
76.00
73.08
74.07
71.43
72.41
73.33
74.19
75.00
72.73
73.53
74.29
75.00
50.00
66.67
75.00
80.00
83.33
85.71
87.50
88.89
90.00
90.91
83.33
84.62
85.71
86.67
87.50
82.35
77.78
78.95
75.00
76.19
77.27
73.91
75.00
72.00
73.08
70.37
71.43
72.41
73.33
74.19
71.88
72.73
73.53
74.29
100.00
100.00
100.00
100.00
100.00
100.00
100.00
100.00
100.00
90.91
91.67
92.31
92.86
93.33
87.50
82.35
83.33
78.95
80.00
80.95
77.27
78.26
75.00
76.00
73.08
74.07
75.00
75.86
76.67
74.19
75.00
75.76
76.47
100.00
100.00
100.00
100.00
100.00
100.00
100.00
100.00
90.00
90.91
91.67
92.31
92.86
86.67
81.25
82.35
77.78
78.95
80.00
76.19
77.27
73.91
75.00
72.00
73.08
74.07
75.00
75.86
73.33
74.19
75.00
75.76
100.00
100.00
100.00
100.00
100.00
100.00
100.00
88.89
90.00
90.91
91.67
92.31
85.71
80.00
81.25
76.47
77.78
78.95
75.00
76.19
72.73
73.91
70.83
72.00
73.08
74.07
75.00
72.41
73.33
74.19
75.00
100.00
100.00
100.00
100.00
100.00
100.00
87.50
88.89
90.00
90.91
91.67
84.62
78.57
80.00
75.00
76.47
77.78
73.68
75.00
71.43
72.73
69.57
70.83
72.00
73.08
74.07
71.43
72.41
73.33
74.19
100.00
100.00
100.00
100.00
100.00
85.71
87.50
88.89
90.00
90.91
83.33
76.92
78.57
73.33
75.00
76.47
72.22
73.68
70.00
71.43
68.18
69.57
70.83
72.00
73.08
70.37
71.43
72.41
73.33
100.00
100.00
100.00
100.00
83.33
85.71
87.50
88.89
90.00
81.82
75.00
76.92
71.43
73.33
75.00
70.59
72.22
68.42
70.00
66.67
68.18
69.57
70.83
72.00
69.23
70.37
71.43
72.41
100.00
100.00
100.00
80.00
83.33
85.71
87.50
88.89
80.00
72.73
75.00
69.23
71.43
73.33
68.75
70.59
66.67
68.42
65.00
66.67
68.18
69.57
70.83
68.00
69.23
70.37
71.43
100.00
100.00
75.00
80.00
83.33
85.71
87.50
77.78
70.00
72.73
66.67
69.23
71.43
66.67
68.75
64.71
66.67
63.16
65.00
66.67
68.18
69.57
66.67
68.00
69.23
70.37
100.00
66.67
75.00
80.00
83.33
85.71
75.00
66.67
70.00
63.64
66.67
69.23
64.29
66.67
62.50
64.71
61.11
63.16
65.00
66.67
68.18
65.22
66.67
68.00
69.23
50.00
66.67
75.00
80.00
83.33
71.43
62.50
66.67
60.00
63.64
66.67
61.54
64.29
60.00
62.50
58.82
61.11
63.16
65.00
66.67
63.64
65.22
66.67
68.00
50.00
66.67
75.00
80.00
66.67
57.14
62.50
55.56
60.00
63.64
58.33
61.54
57.14
60.00
56.25
58.82
61.11
63.16
65.00
61.90
63.64
65.22
66.67
100.00
100.00
100.00
80.00
66.67
71.43
62.50
66.67
70.00
63.64
66.67
61.54
64.29
60.00
62.50
64.71
66.67
68.42
65.00
66.67
68.18
69.57
100.00
100.00
75.00
60.00
66.67
57.14
62.50
66.67
60.00
63.64
58.33
61.54
57.14
60.00
62.50
64.71
66.67
63.16
65.00
66.67
68.18
100.00
66.67
50.00
60.00
50.00
57.14
62.50
55.56
60.00
54.55
58.33
53.85
57.14
60.00
62.50
64.71
61.11
63.16
65.00
66.67
50.00
33.33
50.00
40.00
50.00
57.14
50.00
55.56
50.00
54.55
50.00
53.85
57.14
60.00
62.50
58.82
61.11
63.16
65.00
0.00
33.33
25.00
40.00
50.00
42.86
50.00
44.44
50.00
45.45
50.00
53.85
57.14
60.00
56.25
58.82
61.11
63.16
50.00
33.33
50.00
60.00
50.00
57.14
50.00
55.56
50.00
54.55
58.33
61.54
64.29
60.00
62.50
64.71
66.67
50.00
66.67
75.00
60.00
66.67
57.14
62.50
55.56
60.00
63.64
66.67
69.23
64.29
66.67
68.75
70.59
50.00
66.67
50.00
60.00
50.00
57.14
50.00
55.56
60.00
63.64
66.67
61.54
64.29
66.67
68.75
100.00
66.67
75.00
60.00
66.67
57.14
62.50
66.67
70.00
72.73
66.67
69.23
71.43
73.33
50.00
66.67
50.00
60.00
50.00
57.14
62.50
66.67
70.00
63.64
66.67
69.23
71.43
50.00
33.33
50.00
40.00
50.00
57.14
62.50
66.67
60.00
63.64
66.67
69.23
50.00
66.67
50.00
60.00
66.67
71.43
75.00
66.67
70.00
72.73
75.00
50.00
33.33
50.00
60.00
66.67
71.43
62.50
66.67
70.00
72.73
50.00
66.67
75.00
80.00
83.33
71.43
75.00
77.78
80.00
50.00
66.67
75.00
80.00
66.67
71.43
75.00
77.78
100.00
100.00
100.00
80.00
83.33
85.71
87.50
100.00
100.00
75.00
80.00
83.33
85.71
100.00
66.67
75.00
80.00
83.33
50.00
66.67
75.00
80.00
50.00
66.67
75.00
100.00
100.00
100.00
